MAKE Version 3.6  Copyright (c) 1992 Borland International

Available memory 31865392 bytes

	bcc286 +..\util.cfg -oobj\lsmdb.obj lsmdb.cpp
Borland C++  Version 3.1 Copyright (c) 1992 Borland International
lsmdb.cpp:
Warning lsmdb.cpp 92: 'hdr' is assigned a value that is never used in function DumpDBInfo(const unsigned char *)
Warning lsmdb.cpp 111: Parameter 'pageNum' is never used in function DumpLeaf(const unsigned char *,long)
Warning lsmdb.cpp 135: Parameter 'pageNum' is never used in function DumpData(const unsigned char *,long)
Warning lsmdb.cpp 162: Parameter 'pageNum' is never used in function DumpStats(const unsigned char *,long)

	Available memory 4005208
BCC286: 3.0 -- Copyright (C) 1986-93 Phar Lap Software, Inc.
Serial Number W1-15218
	tlink /c /x /C /L..\..\..\vendor\bc\lib;..\..\..\vendor\pharlap\lib;..\..\..\vendor\zinc\lib;..\..\lib @MAKE0000.$$$
Turbo Link  Version 5.1 Copyright (c) 1992 Borland International
Error: Undefined symbol DOSCREATEDSALIAS in module c0p.asm
Error: Undefined symbol __stklen in module c0p.asm
Error: Undefined symbol DOSREALLOCSEG in module c0p.asm
Error: Undefined symbol __nfile in module c0p.asm
Error: Undefined symbol _exit in module c0p.asm
Error: Undefined symbol DOSSETVEC in module c0p.asm
Error: Undefined symbol __exit in module c0p.asm
Error: Undefined symbol FIDRQQ in module lsmdb.cpp
Error: Undefined symbol FIWRQQ in module lsmdb.cpp
Error: Undefined symbol FIERQQ in module lsmdb.cpp
Error: Undefined symbol _printf in module lsmdb.cpp
Error: Undefined symbol F_LXRSH@ in module lsmdb.cpp
Error: Undefined symbol _close in module lsmdb.cpp
Error: Undefined symbol __fputc in module lsmdb.cpp
Error: Undefined symbol __streams in module lsmdb.cpp
Error: Undefined symbol F_LXLSH@ in module lsmdb.cpp
Error: Undefined symbol _read in module lsmdb.cpp
Error: Undefined symbol F_LDIV@ in module lsmdb.cpp
Error: Undefined symbol _lseek in module lsmdb.cpp
Error: Undefined symbol _open in module lsmdb.cpp

** error 1 ** deleting .\lsmdb.exe
