0000000510960014F01112000143236000121739150000018260000140000120334931103      llamada Celular     00000000010012000010000
0000000510970314F011120001436180001304341500000195650001500001000513056989137  Estados Unidos      00000000010012900010000
00000005109800A4F01112000143336000000000000000000000000000000129800525555      Pago Revertido      00001200070000000010000
0000000510990024F01112000142614000326086150000048913000375000140528234071      Popayan Emtel(Cca)  00002800150002180010000
0000000511000024F01112000143940000082608150000012391000095000160553590820      Barranquilla Edt(Atl00000200020004170010000
0000000511010314F01112000144050000234782150000035217000270000020055939793821   Ecuador             00000200020011800010000
0000000511020314F011120001440380004347821500000652170005000001200533661868729  Francia             00000400030014440010000
0000000511030314F011120001443520001304341500000195650001500001600515196731958  Canada              00000000010012900010000
00000005110400A4F01112000144522000017391150000002608000020000168829324         Cali Emcatel(Val)   00000000010001770010000
00000005110500A4F01112000144632000017391150000002608000020000166622180         Cali Emcatel(Val)   00000000010001770010000
0000000511060024F01112000144712000043478150000006521000050000120522120042      Cartago(Val)        00000200020002180010000
00000005110700A4F01112000145218000017391150000002608000020000126619200         Cali Emcatel(Val)   00000000010001770010000
00000005110800A4F01112000144710000104347150000015652000120000166662180         Cali Emcatel(Val)   00001000060001770010000
00000005110900A4F01112000145508000017391150000002608000020000126619200         Cali Emcatel(Val)   00000200010001770010000
00000005111000A4F01112000145830000034782150000005217000040000123300383         Cali Emcatel(Val)   00000200020001770010000
00000005111100A4F01112000150210000034782150000005217000040000023382627         Cali Emcatel(Val)   00000200020001770010000
00000005111230A4D01112000150710000034782150000005217000040000  8842770         cali                      000010035000
0000000511130314F011120001505080005173911500000776080005950001200513476235659  Estados Unidos      00000600040012900010000
0000000511143024D01112000151334000043478150000006521000050000  0512173724      bogota                    000010045000
0000000511150024F01112000151120000165217150000024782000190000020516247527      Bogota Etb(Cun)     00000600040004170010000
0000000511160024F01112000151216000143478150000021521000165000100582653070      Ibague(Tol)         00000800050002850010000
0000000511170314F011120001519260005782601500000867390006650000200534915250410  Espa¤a              00000800040014440010000
0000000511180024F01112000152310000082608150000012391000095000010576552723      Piedecuesta(Sdr)    00000200020004170010000
0000000511190314F0111200015213000069130415000010369500079500010005509558117088 Haitˇ               00000800040017270010000
0000000511200314F01112000151338001326086150000198913001525000120055841577780   Venezuela           00002400130010200010000
0000000511210024F01112000142712002543478150000381521002925000050512862571      Bogota Etb(Cun)     00015600610004170010000
0000000511220024F01112000152500000208695150000031304000240000020543428719      Medellˇn(Ant)       00000800050004170010000
00000005112300A4F01112000153002000017391150000002608000020000016609090         Cali Emcatel(Val)   00000000010001770010000
0000000511240024F01112000153218000043478150000006521000050000050556661764      Cartagena(Bol)      00000000010004170010000
0000000511250314F011120001535200001000001500000150000001150000700558147895099  Venezuela           00000000010010200010000
0000000511260314F011120001536240001000001500000150000001150000700558147895099  Venezuela           00000000010010200010000
0000000511270024F01112000153058000169565150000025434000195000040988333204      Garzon(Hui)         00001000060002850010000
0000000511280314F011120001531500007739131500001160860008900000100513476235659  Estados Unidos      00001000060012900010000
0000000511290024F01112000153822000021739150000003260000025000050522274205      Buga(Val)           00000000010002180010000
0000000511300024F01112000153846000021739150000003260000025000050522259421      Tulua(Val)          00000000010002180010000
00000005113100E1F01112000153938000021739150000003260000025000126268            --- No Incluída --- 00000000010002180010000
0000000511320314F011120001541020001304341500000195650001500000100512674757023  Estados Unidos      00000000010012900010000
0000000511330024F01112000154036000043478150000006521000050000050522242445      Tulua(Val)          00000200020002180010000
0000000511340024F01112000153848000108695150000016304000125000020922298329      Roldanillo(Val)     00000800050002180010000
0000000511350024F01112000153308000500000150000075000000575000060516837916      Bogota Etb(Cun)     00002200120004170010000
0000000511360024F01112000154516000043478150000006521000050000010513601267      Bogota Etb(Cun)     00000000010004170010000
0000000511370024F01112000154108000108695150000016304000125000120922562687      Ginebra(Val)        00000800050002180010000
0000000511380314F011120001537540009173911500001376080010550000700558142625307  Venezuela           00001600090010200010000
00000005113900A4F01112000154702000017391150000002608000020000066841512         Cali Unitel(Val)    00000000010001770010000
00000005114000A4F0111200015480000001739115000000260800002000006664946788       Cali Emcatel(Val)   00000000010001770010000
0000000511413024D01112000154902000043478150000006521000050000  0542659401      MEDELLIN                  000010045000
0000000511420024F01112000154642000065217150000009782000075000120563145145      Ginebra(Valle)      00000600030002180010000
0000000511430314F0111200015472200038695615000005804300044500005005120158683425 Estados Unidos      00000400030012900010000
0000000511440014F01112000154836000239130150000035869000275000070335825056      llamada Celular     00000200020012000010000
0000000511450014F011120001551500001217391500000182600001400000503347410644     llamada Celular     00000000010012000010000
00000005114600A4F01112000155054000000000000000000000000000000029800911744      Pago Revertido      00000200020000000010000
0000000511470314F011120001553420001304341500000195650001500000500512815587879  Estados Unidos      00000000010012900010000
00000005114830A4D01112000155452000034782150000005217000040000  5566553         CALI                      000010035000
00000005114900A4F01112000155654000017391150000002608000020000055540505         Cali Emcatel(Val)   00000000010001770010000
00000005115000A4F01112000155734000017391150000002608000020000055540505         Cali Emcatel(Val)   00000200010001770010000
0000000511510314F011120001558520001304341500000195650001500000200513476235659  Estados Unidos      00000000010012900010000
0000000511523024D01112000155952000043478150000006521000050000  0543156280      MEDELLIN                  000010045000
0000000511530314F011120001600100001304341500000195650001500000200513476235659  Estados Unidos      00000000010012900010000
0000000511540314F011120001601020002565211500000384780002950001200512674757023  Estados Unidos      00000200020012900010000
00000005115530A4D01112000160224000034782150000005217000040000  3313418         CALI                      000010035000
0000000511560024F01112000155850000086956150000013043000100000050522252835      Tulua(Val)          00000600040002180010000
0000000511570314F011120001600520002565211500000384780002950000200513476235659  Estados Unidos      00000400020012900010000
0000000511580024F01112000160254000021739150000003260000025000050522252835      Tulua(Val)          00000000010002180010000
0000000511590024F01112000160240000021739150000003260000025000070563210522      Ginebra(Valle)      00000000010002180010000
0000000511600014F01112000160342000121739150000018260000140000010332068386      llamada Celular     00000000010012000010000
00000005116130A4D01112000160500000034782150000005217000040000  8842889         cali                      000010035000
00000005116230A4D01112000160514000026086150000003913000030000  8842889         cali                      000010026000
0000000511630314F011120001604540001304341500000195650001500001200513036899128  Estados Unidos      00000000010012900010000
0000000511640024F01112000160454000043478150000006521000050000070563303075      Ginebra(Valle)      00000200020002180010000
0000000511650024F01112000160204000208695150000031304000240000060512836758      Bogota Etb(Cun)     00000800050004170010000
0000000511660314F011120001604320003869561500000580430004450000200513058225509  Estados Unidos      00000400030012900010000
00000005116700A4F01112000160706000034782150000005217000040000056677177         Cali Emcatel(Val)   00000200020001770010000
0000000511683024D01112000160842000043478150000006521000050000  0553151442      barranquilla              000010045000
0000000511690314F011120001606580007739131500001160860008900000400513036899128  Estados Unidos      00001200060012900010000
0000000511700024F01112000161322000065217150000009782000075000070522715851      Palmira-Telepalm(Val00000400030002180010000
0000000511710314F011120001608240011608691500001741300013350000200513058225509  Estados Unidos      00001600090012900010000
0000000511720314F011120001615340002565211500000384780002950000500518136286153  Estados Unidos      00000200020012900010000
0000000511730314F011120001614400010304341500001545650011850000400513036899128  Estados Unidos      00001400080012900010000
0000000511740024F01112000161156000460869150000069130000530000120586665152      Villavicencio(Met)  00002000110004170010000
0000000511750014F01112000162016000360869150000054130000415000010334023350      llamada Celular     00000400030012000010000
0000000511760014F01112000162316000239130150000035869000275000010334505032      llamada Celular     00000200020012000010000
00000005117741F4D01112000162526001739130150000260869002000000  00500000010000000150000002000001  00001
00000005117800A4F0111200016255600001739115000000260800002000004324             Cali Emcatel(Val)   00000000010001770010000
0000000511790024F01112000161708000417391150000062608000480000060984280784      Orito(Put)          00001800100004170010000
0000000511800024F01112000162648000021739150000003260000025000040563243367      Ginebra(Valle)      00000000010002180010000
00000005118100A4F01112000162620000034782150000005217000040000128962120         Cali Emcatel(Val)   00000200020001770010000
00000005118200A4F01112000162958000017391150000002608000020000128845238         Cali Emcatel(Val)   00000200010001770010000
0000000511833024D01112000163206000043478150000006521000050000  0516283186      bogota                    000010045000
0000000511840024F01112000162852000086956150000013043000100000040563243367      Ginebra(Valle)      00000600040002180010000
00000005118500A4F01112000163114000052173150000007826000060000128899266         Cali Emcatel(Val)   00000400030001770010000
0000000511860314F011120001632360002565211500000384780002950001500517185330450  Estados Unidos      00000200020012900010000
0000000511870314F01112000162412001121739150000168260001290000100055841255915   Venezuela           00002000110010200010000
0000000511880024F01112000162450000313043150000046956000360000130567453224      Armenia(Qui)        00002000110002850010000
0000000511890024F01112000163408000043478150000006521000050000010522755307      Palmira-Telepalm(Val00000200020002180010000
0000000511900024F01112000163356000065217150000009782000075000140922425565      Buenaventura(Val)   00000400030002180010000
0000000511910024F01112000162644000460869150000069130000530000060527290738      Pasto Telenari¤o(Nar00002000110004170010000
00000005119241F4D01112000163734000869565150000130434001000000  00500000010000010150000002000000  00001
0000000511930024F01112000164404000043478150000006521000050000100568598110      Marmato(Cds)        00000000010004170010000
0000000511940024F01112000163526000217391150000032608000250000130922198389      Sevilla(Val)        00001800100002180010000
0000000511950024F01112000164138000065217150000009782000075000040563229639      Ginebra(Valle)      00000400030002180010000
00000005119630A4D01112000164606000034782150000005217000040000  3396478         cali                      000010035000
00000005119730A4D01112000164628000026086150000003913000030000  3396478         cali                      000010026000
0000000511980314F011120001644420003869561500000580430004450000600517183320728  Estados Unidos      00000400030012900010000
0000000511990024F01112000164914000030434150000004565000035000130567456134      Armenia(Qui)        00000000010002850010000
0000000512000024F01112000165000000021739150000003260000025000010528238159      Popayan Emtel(Cca)  00000000010002180010000
0000000512010314F01112000164326000943478150000141521001085000120055937578784   Ecuador             00001400080011800010000
0000000512020024F01112000165026000021739150000003260000025000010528238159      Popayan Emtel(Cca)  00000000010002180010000
0000000512030314F01112000164314001060869150000159130001220000150055932224190   Ecuador             00001600090011800010000
0000000512040314F01112000165114000143478150000021521000165000040055076283677   Panama              00000000010014440010000
0000000512050314F01112000165312000143478150000021521000165000040055076213107   Panama              00000000010014440010000
0000000512063024D01112000165608000043478150000006521000050000  0513751145      bogota                    000010045000
0000000512073024D01112000165700000043478150000006521000050000  0512507942      bogota                    000010045000
0000000512080024F01112000170140000056521150000008478000065000060582635645      Ibague(Tol)         00000200020002850010000
0000000512090314F011120001656020011608691500001741300013350001500517278647918  Estados Unidos      00001600090012900010000
0000000512100024F01112000165550000195652150000029347000225000120522123259      Cartago(Val)        00001600090002180010000
0000000512110314F011120001654560020217391500003032600023250000100534627610376  Espa¤a              00002800140014440010000
0000000512120014F01112000171304000478260150000071739000550000010333281297      llamada Celular     00000600040012000010000
0000000512130314F011120001707160012913041500001936950014850000400517184582277  Estados Unidos      00001800100012900010000
00000005121400A4F01112000171720000034782150000005217000040000015146146         Cali Emcatel(Val)   00000200020001770010000
00000005121500A4F01112000171846000017391150000002608000020000015110000         Cali Emcatel(Val)   00000000010001770010000
0000000512160314F011120001718260002565211500000384780002950000200518096839292  Estados Unidos      00000400020012900010000
0000000512170024F01112000172206000021739150000003260000025000020522236156      Bugalagrande(Val)   00000000010002180010000
0000000512180314F011120001712200015869561500002380430018250001200534620178714  Espa¤a              00002000110014440010000
0000000512190024F01112000172246000021739150000003260000025000020522236164      Bugalagrande(Val)   00000000010002180010000
00000005122000A4F01112000171952000086956150000013043000100000062309090         Tulua(Val)          00000600040002180010000
0000000512210024F01112000172352000021739150000003260000025000020522236315      Bugalagrande(Val)   00000000010002180010000
00000005122200E1D0111200017245000002173915000000326000002500006223             --- No Incluída --- 00000000010002180010000
00000005122300E1D0111200017251000002173915000000326000002500006223             --- No Incluída --- 00000000010002180010000
0000000512240014F01112000172334000239130150000035869000275000050335274242      llamada Celular     00000200020012000010000
0000000512250024F01112000172520000082608150000012391000095000070512401883      Bogota Etb(Cun)     00000200020004170010000
00000005122600A4F01112000172646000017391150000002608000020000056615796         Cali Emcatel(Val)   00000200010001770010000
00000005122700A4F01112000172824000017391150000002608000020000056684788         Cali Emcatel(Val)   00000000010001770010000
0000000512280314F011120001729060001304341500000195650001500000400513058294360  Estados Unidos      00000000010012900010000
0000000512290024F01112000172918000021739150000003260000025000070528235601      Popayan Emtel(Cca)  00000000010002180010000
00000005123041F4D01112000173114000434782150000065217000500000  00500001010000000150000002000000  00001
00000005123100A4F01112000173002000034782150000005217000040000103364266         Cali Emcatel(Val)   00000200020001770010000
00000005123200A4F01112000173138000017391150000002608000020000105552606         Cali Emcatel(Val)   00000000010001770010000
00000005123300A4F01112000172600000130434150000019565000150000062309229         Tulua(Val)          00001200060002180010000
00000005123400A4F01112000173212000017391150000002608000020000105578720         Cali Emcatel(Val)   00000000010001770010000
0000000512350024F01112000172506000173913150000026086000200000020522237858      Bugalagrande(Val)   00001400080002180010000
00000005123600A4F01112000172856000086956150000013043000100000056615796         Cali Emcatel(Val)   00000800050001770010000
00000005123700A4F01112000173024000086956150000013043000100000132522687         Restrepo(Val)       00000600040002180010000
00000005123800A4F01112000173620000052173150000007826000060000105578720         Cali Emcatel(Val)   00000400030001770010000
0000000512390314F011120001724560019347821500002902170022250001200517048738154  Estados Unidos      00002800150012900010000
0000000512400024F01112000173936000043478150000006521000050000100518275021      Mosquera(Cun)       00000000010004170010000
00000005124100A4F01112000174244000017391150000002608000020000103321670         Cali Emcatel(Val)   00000000010001770010000
0000000512420024F01112000174616000126086150000018913000145000020984352556      Florencia(Caq)      00000600030004170010000
0000000512433314D01112000175158000295652150000044347000340000  00513055696526  EE.UU                     000010295000
0000000512440024F01112000174518000460869150000069130000530000100556550040      Cartagena(Bol)      00002000110004170010000
0000000512450024F01112000175748000082608150000012391000095000100556550040      Cartagena(Bol)      00000200020004170010000
0000000512460024F01112000180104000030434150000004565000035000010567408542      Armenia(Qui)        00000000010002850010000
0000000512470024F01112000180136000021739150000003260000025000020522723589      Palmira-Telepalm(Val00000000010002180010000
0000000512480014F01112000180138000239130150000035869000275000050333408365      llamada Celular     00000200020012000010000
0000000512490024F01112000180302000043478150000006521000050000060517405072      Bogota Etb(Cun)     00000000010004170010000
00000005125000A4F01112000180418000017391150000002608000020000056649648         Cali Emcatel(Val)   00000000010001770010000
00000005125100A4F01112000180522000017391150000002608000020000056649648         Cali Emcatel(Val)   00000000010001770010000
0000000512520314F011120001806160001304341500000195650001500000500519172521832  Estados Unidos      00000000010012900010000
0000000512530024F01112000180250000165217150000024782000190000070513415725      Bogota Etb(Cun)     00000800040004170010000
0000000512540024F01112000180712000108695150000016304000125000060522286537      Buga(Val)           00000800050002180010000
0000000512550024F01112000180308000500000150000075000000575000100518626331      Chia(Cun)           00002200120004170010000
0000000512560014F01112000181810000239130150000035869000275000060335719255      llamada Celular     00000200020012000010000
0000000512570014F01112000182008000121739150000018260000140000060335719255      llamada Celular     00000000010012000010000
0000000512580314F0111200018221200014347815000002152100016500007005491726606968 Alemania            00000000010014440010000
0000000512590024F01112000181422000260869150000039130000300000050528205210      Popayan Emtel(Cca)  00002200120002180010000
00000005126000A4F01112000182442000034782150000005217000040000103348865         Cali Emcatel(Val)   00000200020001770010000
00000005126100A4F01112000181156000000000000000000000000000000029800525555      Pago Revertido      00003400180000000010000
0000000512620314F011120001815360021652171500003247820024900000100534669662763  Espa¤a              00002800150014440010000
00000005126300A4F01112000183038000017391150000002608000020000106661866         Cali Emcatel(Val)   00000000010001770010000
0000000512640314F01112000182600000708695150000106304000815000130055939271108   Ecuador             00001000060011800010000
0000000512650024F01112000182234000460869150000069130000530000060542310797      Medellˇn(Ant)       00002000110004170010000
00000005126600A4F01112000183132000034782150000005217000040000103348865         Cali Emcatel(Val)   00000400020001770010000
0000000512670024F01112000183306000082608150000012391000095000060512077627      Bogota Etb(Cun)     00000200020004170010000
0000000512680024F01112000183210000165217150000024782000190000010512281112      Bogota Etb(Cun)     00000600040004170010000
0000000512690024F01112000183540000030434150000004565000035000100528272625      Bolivar(Cca)        00000000010002850010000
0000000512700314F0111200018234800187826015000028173900216000007005491726816160 Alemania            00002400130014440010000
0000000512710024F01112000183440000126086150000018913000145000060512077559      Bogota Etb(Cun)     00000400030004170010000
0000000512720314F01112000183452000304347150000045652000350000020055841472395   Venezuela           00000400030010200010000
0000000512730024F01112000183602000165217150000024782000190000010516156677      Bogota Etb(Cun)     00000600040004170010000
0000000512740314F011120001842300001434781500000215210001650001200531610462833  Holanda             00000200010014440010000
0000000512750314F01112000184306000865217150000129782000995000010055227132962   Mexico              00001000060014440010000
0000000512760314F011120001844060010086951500001513040011600001200534626615678  Espa¤a              00001200070014440010000
0000000512770024F01112000185240000043478150000006521000050000010984295096      Mocoa(Put)          00000000010004170010000
0000000512780024F01112000184800000456521150000068478000525000060967434285      Calarca(Qui)        00003000160002850010000
0000000512790014F01112000190240000121739150000018260000140000120335739738      llamada Celular     00000000010012000010000
0000000512800014F01112000190340000121739150000018260000140000120335772115      llamada Celular     00000000010012000010000
00000005128141F4D01112000190842000869565150000130434001000000  00500000010000010150000002000000  00001
0000000512820024F01112000190710000082608150000012391000095000060568835699      Manizales Emtels(Cds00000200020004170010000
0000000512830024F01112000190842000043478150000006521000050000020515727071      Bogota Capitel(Cun) 00000000010004170010000
0000000512840024F01112000190846000021739150000003260000025000040528235601      Popayan Emtel(Cca)  00000000010002180010000
00000005128500A4F01112000190958000017391150000002608000020000045523065         Cali Emcatel(Val)   00000000010001770010000
0000000512860314F011120001907060007739131500001160860008900000100512509952203  Canada              00001000060012900010000
0000000512870024F01112000191442000021739150000003260000025000120522294169      Roldanillo Ert(Val) 00000000010002180010000
0000000512880024F01112000191136000108695150000016304000125000040528247085      Popayan Emtel(Cca)  00001000050002180010000
0000000512890024F01112000191724000126086150000018913000145000040516915196      Bogota Etb(Cun)     00000400030004170010000
0000000512900024F01112000191532000169565150000025434000195000010567537392      Montenegro(Qui)     00001000060002850010000
0000000512910024F01112000192444000021739150000003260000025000010528470719      Piendamo(Cca)       00000200010002180010000
0000000512920024F01112000191602000217391150000032608000250000120922297584      Roldanillo(Val)     00002000100002180010000
0000000512930024F01112000191552000500000150000075000000575000020518574954      Tocancipa(Cun)      00002200120004170010000
0000000512940024F01112000192810000065217150000009782000075000120922297584      Roldanillo(Val)     00000400030002180010000
0000000512950024F01112000193104000021739150000003260000025000120922294847      Roldanillo Ert(Val) 00000000010002180010000
0000000512960024F01112000193338000021739150000003260000025000120922297584      Roldanillo(Val)     00000000010002180010000
0000000512970024F01112000193702000043478150000006521000050000020586666210      Villavicencio(Met)  00000000010004170010000
0000000512980024F01112000193848000126086150000018913000145000020586626213      Villavicencio(Met)  00000400030004170010000
0000000512990024F01112000194426000208695150000031304000240000020514532970      Bogota Etb(Cun)     00000800050004170010000
0000000513000024F01112000194758000252173150000037826000290000120516303995      Bogota Etb(Cun)     00001000060004170010000
0000000513010024F01112000194848000291304150000043695000335000040527203235      Pasto Telenari¤o(Nar00001200070004170010000
0000000513020024F01112000195354000252173150000037826000290000120514412143      Bogota Etb(Cun)     00001000060004170010000
0000000513030024F01112000200020000065217150000009782000075000040522129298      Cartago(Val)        00000400030002180010000
0000000513040314F011120001941240028391301500004258690032650000100512509952203  Canada              00004200220012900010000
0000000513050314F01112000201012000108695150000016304000125000040055076369477   Panama              00000000010010830007500
0000000513060314F01112000201626000108695150000016304000125000040055076369477   Panama              00000000010010830007500
0000000513070024F01112000201448000165217150000024782000190000060516247527      Bogota Etb(Cun)     00000600040004170010000
0000000513080024F01112000201812000082608150000012391000095000050568561956      Supia(Cds)          00000200020004170010000
0000000513090024F01112000200714000626086150000093913000720000010516196940      Bogota Etb(Cun)     00002800150004170010000
0000000513103024D01112000202438000043478150000006521000050000  0512538789      bogota                    000010045000
0000000513110024F01112000201800000334782150000050217000385000020586645703      Villavicencio(Met)  00001400080004170010000
0000000513120314F011120002028120000956521500000143470001100000600519733253529  Estados Unidos      00000000010009675007500
0000000513130024F01112000202640000043478150000006521000050000050563274104      Ginebra(Valle)      00000200020002180010000
0000000513140024F01112000202602000065217150000009782000075000120528216697      Popayan Caucatel(Cca00000400030002180010000
0000000513150314F01112000202452000647826150000097173000745000040055076369477   Panama              00001000060010830007500
0000000513160314F01112000202808000443478150000066521000510000020055932525973   Ecuador             00001000050008850007500
00000005131700A4F01112000203244000017391150000002608000020000043153279         Cali Emcatel(Val)   00000200010001770010000
0000000513180024F01112000202342000543478150000081521000625000010514383297      Bogota Etb(Cun)     00002400130004170010000
0000000513190024F01112000203154000208695150000031304000240000050512398954      Bogota Etb(Cun)     00000800050004170010000
0000000513200024F01112000203728000056521150000008478000065000020582663777      Ibague(Tol)         00000200020002850010000
0000000513210024F01112000203510000373913150000056086000430000040517158436      Bogota Etb(Cun)     00001600090004170010000
0000000513220314F011120002040120004826081500000723910005550000600519733253529  Estados Unidos      00001000050009675007500
0000000513230314F011120002046400000956521500000143470001100000100519733253529  Estados Unidos      00000200010009675007500

