6666000073120024F170819980807380001215440160000019456000141000010982684439      Ibague(Tol)         00062400064001900010000
6666000073150024F170819980846160001293270160000020671000150000010968670728      Pacora(Cds)         00065200068001900010000
6666000073230024F170819980932280000241590150000003839000028000010965614362      Cartago(Val)        00025800030000800010000
6666000073340024F170819980942360003525510160000056448000409000010943429694      Medellin(Ant)       00123600126002800010000
6666000073370024F170819980958440000840600160000013440000097500010942677533      Medellin(Ant)       00000200030002800010000
6666000073390024F170819980959060001314440160000021056000152500010942677573      Medellin(Ant)       00044600047002800010000
6666000073440024F170819981012000000422150160000006784000049000010967409428      Armenia(Qui)        00052000053000800010000
6666000073580024F170819981031080001237400160000019759000143500010922252405      Tulua(Val)          00063400065001900010000
6666000073710024F170819981053020001306350160000020864000151500010968771341      Manizales(Cds)      00162200163000800010000
6666000073800024F170819981124160000840600160000013440000097500010925543697      Cali 2(Val)         00014400030002800010000
6666000073860024F170819981128080002771480160000044351000321500010926550910      Cali 2(Val)         00095800099002800010000
6666000073970024F170819981201420001029880160000016512000119500010967403114      Armenia(Qui)        00125800129000800010000
6666000074030024F170819981218280001482550160000023743000172000010944922312      Medellin(Ant)       00052200053002800010000
6666000074050024F170819981227260000840600160000013440000097500010924495530      Cali 1(Val)         00021200030002800010000
6666000074060024F170819981230120000568790160000009120000066000010948366834      Cocorna(Ant)        00004000030001900010000
6666000074130024F170819981305360000568790160000009120000066000010963528891      Belen De Umbria(Ris)00001200030001900010000
6666000074200024F170819981306560001728360160000027663000200500010963528801      Belen De Umbria(Ris)00091000091001900010000
6666000074220024F170819981319180002435230160000038975000282500010912649070      Bogota Etb(Cun)     00084600087002800010000
6666000074260024F170819981349320001719790160000027519000199500010956644373      Cartagena(Bol)      00041800043004000010000
6666000074280024F170819981354160001719790160000027519000199500010953559170      Bquilla Edt(Atl)    00041800043004000010000
6666000074320024F170819981405160001314440160000021056000152500010922698125      Palmaseca(Val)      00044600047002800010000
6666000074330024F170819981417460000513070160000008192000059500010965604686      Alcala(Val)         00062800064000800010000
6666000074350024F170819981442380000241590150000003839000028000010968715315      Manizales(Cds)      00003000030000800010000
6666000074400024D170819981527120000568790160000009120000066000010922229096      El Dovio(Val)       00013600030001900010000
6666000074490024F170819981536000001310070160000020991000152000010963647482      Sta Rosa Cabal(Ris) 00162600164000800010000
6666000074640024F170819981621160000568790160000009120000066000010968546135      Bonafont(Cds)       00022400030001900010000
6666000074690024F170819981653380000568790160000009120000066000010968546135      Bonafont(Cds)       00001800030001900010000
6666000074750024F170819981729120000409720160000006528000047500010963685849      Marsella(Ris)       00050800051000800010000
6666000074790024F170819981752360000241590150000003839000028000010968715234      Manizales(Cds)      00025200030000800010000
6666000074810024F170819981755580000568790160000009120000066000010968562088      Supia(Cds)          00010400030001900010000
6666000074900024F170819981816020001388070160000022192000161000010967696958      Sevilla(Val)        00071800073001900010000
6666000074940024F170819981832220000840600160000013440000097500010945218537      Medellin(Ant)       00010000030002800010000
6666000074980024F170819981844280001349160160000021583000156500010967698390      Sevilla(Val)        00070600071001900010000
6666000075040024F170819981911000000625150160000009984000072500010965653564      Obando(Val)         00075200078000800010000
6666000075050024F170819981922420000568790160000009120000066000010963600645      Irra(Ris)           00030400030001900010000
6666000073190024F170819980900360000241590150000003839000028000020963683029      La Virginia(Ris)    00004800030000800010000
6666000073220024F170819980919120001874840160000030015000217500020942266366      Medellin(Ant)       00064600067002800010000
6666000073240024F170819980934040000241590150000003839000028000020963685636      Marsella(Ris)       00024800030000800010000
6666000073250024F170819980938440000568790160000009120000066000020963687929      Santuario(Ris)      00001600030001900010000
6666000073270024F170819980939440000568790160000009120000066000020963687980      Santuario(Ris)      00001800030001900010000
6666000073330024F170819980940520001689440160000027056000196000020963687680      Santuario(Ris)      00085400089001900010000
6666000073360024F170819980950200001482880160000023711000172000020963687929      Santuario(Ris)      00075000078001900010000
6666000073400024F170819980959340002042960160000032704000237000020944711321      Medellin(Ant)       00072200073002800010000
6666000073410311F1708199810103200013793501600000220640001600000200934930102430  Espaża              00001800010013790010000
6666000073450311F1708199810122400082761501600001323830009600000200934930158435  Espaża              00053400060013790010000
6666000073470311F1708199810193800055174301600000882560006400000200934930158435  Espaża              00035800040013790010000
6666000073510311F1708199810244800055174301600000882560006400000200934929937308  Espaża              00033800040013790010000
6666000073520311F1708199810293400013793501600000220640001600000200934930102430  Espaża              00002200010013790010000
6666000073550314F1708199810311200041380701600000661910004800000200934930158435  Espaża              00023400030013790010000
6666000073600024F170819981040300000241590150000003839000028000020968826018      Manizales(Cds)      00002200030000800010000
6666000073660024F170819981045320000241590150000003839000028000020968842463      Manizales(Cds)      00023600030000800010000
6666000073690024F170819981050160000297630160000004735000034500020967496395      Armenia(Qui)        00034600037000800010000
6666000073741314D17081998111502000601724016000009627500069800002009349330158435 ESPEANA             00060000060010029010000
6666000073751314D1708199811165600040129301600000642060004655000200934930158435  ESPANA              00040000040010029010000
6666000073771314D17081998112300000100431016000001606800011650002009344930102430 ESPANA              00010000010010029010000
6666000073781314D1708199811241800040129301600000642060004655000200934929937308  ESPANA              00040000040010029010000
6666000073791314D17081998112546000100431016000001606800011650002009349301023430 ESPANA              00010000010010029010000
6666000073870024F170819981127420003836230160000061375000445000020925130284      Cali 1(Val)         00134200137002800010000
6666000073920024F170819981151180000637600160000010239000074000020968764522      Manizales(Cds)      00080400080000800010000
6666000074020024F170819981220360000568790160000009120000066000020918336332      Girardot(Cun)       00002800030001900010000
6666000074040024F170819981221280001120630160000017936000130000020922229182      El Dovio(Val)       00055600059001900010000
6666000074100024F170819981231480000737240160000011776000085500020965624803      Cartago(Val)        00091200092000800010000
6666000074160024F170819981300380001366110160000021888000158500020968596693      Salamina(Cds)       00071200072001900010000
6666000074170024F170819981309580000241590150000003839000028000020963681086      La Virginia(Ris)    00020600030000800010000
6666000074230024F170819981321100001405030160000022496000163000020968594281      Riosucio(Cds)       00072600074001900010000
6666000074300024F170819981357200001538590160000024640000178500020912995520      Bogota Etb(Cun)     00053400055002800010000
6666000074340024F170819981436020001332200160000021279000154500020967663683      Caicedonia(Val)     00070400070001900010000
6666000074380024F170819981510160000241590150000003839000028000020967472659      Armenia(Qui)        00001200030000800010000
6666000074410024F170819981529440000568790160000009120000066000020922254015      Tulua(Val)          00005800030001900010000
6666000074420024F170819981532420000840600160000013440000097500020917724867      Bogota Etb(Cun)     00000400030002800010000
6666000074430024F170819981533240000840600160000013440000097500020917724867      Bogota Etb(Cun)     00022000030002800010000
6666000074510024F170819981550300000840600160000013440000097500020912515981      Bogota Etb(Cun)     00030400030002800010000
6666000074550024F170819981555020000840600160000013440000097500020916710784      Bogota Etb(Cun)     00021000030002800010000
6666000074560024F170819981557420000840600160000013440000097500020916710784      Bogota Etb(Cun)     00014000030002800010000
6666000074600024F170819981605080000241590150000003839000028000020963647482      Sta Rosa Cabal(Ris) 00014600030000800010000
6666000074610024F170819981608300000241590150000003839000028000020967412200      Armenia(Qui)        00002200030000800010000
6666000074620024F170819981610200000241590150000003839000028000020967412370      Armenia(Qui)        00003400030000800010000
6666000074680024F170819981641300000241590150000003839000028000020967520443      Quimbaya(Qui)       00012000030000800010000
6666000074720024F170819981713000001594630160000025536000185000020968546135      Bonafont(Cds)       00082800084001900010000
6666000074850024F170819981753420001784240160000028576000207000020968587998      Neira(Cds)          00092400094001900010000
6666000074860024F170819981809360000840600160000013440000097500020942508848      Medellin(Ant)       00010000030002800010000
6666000074880314D17081998181318000401314016000006418500046550002009587154366    Venezuela           00040000040010029010000
6666000074910024F170819981822020000568790160000009120000066000020963663384      Pueblo Rico(Ris)    00022600030001900010000
6666000075010024F170819981900360000568790160000009120000066000020982634813      Ibague(Tol)         00025400030001900010000
6666000075020024F170819981910300000241590150000003839000028000020965637795      Cartago Ert(Val)    00002600030000800010000
6666000073140021F170819980852560000241590150000003839000028000030963685843      Marsella(Ris)       00000600030000800010000
6666000073160021F170819980853440000241590150000003839000028000030963685843      Marsella(Ris)       00001200030000800010000
6666000073180021F170819980854480000241590150000003839000028000030963685843      Marsella(Ris)       00002600030000800010000
6666000073200024F170819980911200000853200160000013679000099000030922308491      Tulua(Val)          00043000045001900010000
6666000073260024F170819980928260000870480160000013952000101000030968890040      Manizales(Cds)      00105600109000800010000
6666000073380024F170819980957280000401000160000006400000046500030968765329      Manizales(Cds)      00050000050000800010000
6666000073430024F170819981013340000568790160000009120000066000030968592540      Riosucio(Cds)       00025200030001900010000
6666000073480311F17081998102332000162924016000002607500018900003009491724483175 Alemania            00000400010016297010000
6666000073530311F17081998102616000814623016000013037500094500003009491724483175 Alemania            00050000050016297010000
6666000073570311F17081998103350000488774016000007822500056700003009491724483175 Alemania            00023800030016297010000
6666000073610314F170819981042320001629240160000026075000189000030094970452448   Alemania            00001400010016297010000
6666000073621314D17081998104308000100431016000001606800011650003009491724483175 ALEMANIA            00010000010010029010000
6666000073631314D17081998104344000501293016000008020600058150003009491724483175 ALEMANIA            00050000050010029010000
6666000073641314D17081998104432000300862016000004813700034900003009491724483175 ALEMANIA            00030000030010029010000
6666000073760024F170819981109500002689920160000043007000312000030944070711      Medellin(Ant)       00094000096002800010000
6666000073840024F170819981125000002689920160000043007000312000030968573640      La Dorada(Cds)      00093600096002800010000
6666000073900024F170819981152400000568790160000009120000066000030922213766      Versalles(Val)      00013400030001900010000
6666000073940314F17081998120512000325849016000005215000037800003009297861120    Aruba               00010800020016297010000
6666000073990311F1708199812142200041380701600000661910004800000300934970337409  Espaża              00030000030013790010000
6666000074011314D1708199812200800033836201600000541370003925000300934970337409  ESPANA              00030000030011282510000
6666000074090024F170819981233340001258400160000020159000146000030942728940      Medellin(Ant)       00043000045002800010000
6666000074110024F170819981255500000241590150000003839000028000030967435330      Calarca(Qui)        00022800030000800010000
6666000074180024F170819981309060001042790160000016720000121000030948352176      Guatape(Ant)        00053000055001900010000
6666000074210024F170819981322480000875160160000013983000101500030989580449      Fresno(Tol)         00044000046001900010000
6666000074250024F170819981333160000241590150000003839000028000030968601038      Belalcazar(Cds)     00014800030000800010000
6666000074290024F170819981352260002961400160000047360000343500030984353714      Florencia(Caq)      00072800074004000010000
6666000074360024F170819981451100001849320160000029567000214500030942370844      Medellin(Ant)       00063600066002800010000
6666000074440024F170819981526100003194270160000051072000370500030942522992      Medellin(Ant)       00112800114002800010000
6666000074450024F170819981539000001146310160000018367000133000030944711321      Medellin(Ant)       00041000041002800010000
6666000074470314F1708199815460400050126801600000802310005815000300958167179291  Venezuela           00041400050010029010000
6666000074540024F170819981556340000840600160000013440000097500030914312734      Bogota Etb(Cun)     00001800030002800010000
6666000074580024F170819981600500000568790160000009120000066000030967660982      Caicedonia(Val)     00004400030001900010000
6666000074630024F170819981610460000336240160000005375000039000030968691174      Viterbo(Cds)        00041400042000800010000
6666000074660024F170819981632060001198000160000019200000139000030988363851      Pitalito(Hui)       00010000030004000010000
6666000074710024F170819981712300000241590150000003839000028000030967584634      Circasia(Qui)       00003600030000800010000
6666000074770024F170819981743200000724480160000011551000084000030963563061      Quinchia(Ris)       00035200038001900010000
6666000074890024F170819981814040001443960160000023103000167500030982671893      Ibague(Tol)         00074000076001900010000
6666000074920024F170819981824140000241590150000003839000028000030967473014      Armenia(Qui)        00002200030000800010000
6666000074950024F170819981825580000599000160000009600000069500030963671627      La Celia(Ris)       00073400075000800010000
6666000074970024F170819981843140000560390160000008960000065000030967521453      Quimbaya(Qui)       00070200070000800010000
6666000074990024F170819981853040000241590150000003839000028000030965653528      Obando(Val)         00013600030000800010000
6666000075070024F170819981924500000672480160000010751000078000030967482659      Armenia(Qui)        00082600084000800010000
6666000073090024F170819980806020000241590150000003839000028000040968890325      Manizales(Cds)      00022200030000800010000
6666000073110024F170819980809180000241590150000003839000028000040968867085      Manizales(Cds)      00001000030000800010000
6666000073170024F170819980828580004956550160000079344000575000040922267246      Trujillo(Val)       00260800261001900010000
6666000073280024F170819980940180000241590150000003839000028000040968890374      Manizales(Cds)      00011200030000800010000
6666000073300024F170819980942020000241590150000003839000028000040968891859      Manizales(Cds)      00021800030000800010000
6666000073320024F170819980944400000327510160000005247000038000040968763223      Manizales(Cds)      00040600041000800010000
6666000073350024F170819980951300001401000160000022400000162500040944775897      Medellin(Ant)       00050200050002800010000
6666000073490024F170819981020560000797310160000012768000092500040968587269      Neira(Cds)          00041200042001900010000
6666000073500024F170819981025420000568790160000009120000066000040968587809      Neira(Cds)          00013600030001900010000
6666000073680024F170819981033140004814440160000077055000558500040914538180      Bogota Etb(Cun)     00171200172002800010000
6666000073700311F170819981106280001629240160000026075000189000040094970452448   Alemania            00000400010016297010000
6666000073730024F170819981114440000840600160000013440000097500040942309255      Medellin(Ant)       00001200030002800010000
6666000073830024F170819981130200001198000160000019200000139000040927213129      Pasto(Nar)          00030400030004000010000
6666000073850024F170819981134180000241590150000003839000028000040963641597      Sta Rosa Cabal(Ris) 00024400030000800010000
6666000073910024F170819981152440000392270160000006272000045500040963647047      Sta Rosa Cabal(Ris) 00045800049000800010000
6666000073930314F170819981159000006771880160000108311000785500040095174282871   PerŻ                00054600060011282510000
6666000073960024F170819981207320001762750160000028224000204500040945218164      Medellin(Ant)       00062200063002800010000
6666000074080024F170819981221460000767120160000012287000089000040963688355      Balboa(Ris)         00093600096000800010000
6666000074140024F170819981300240001064750160000017024000123500040922301579      Tulua(Val)          00054000056001900010000
6666000074240024F170819981325060001232880160000019712000143000040924392700      Cali 1(Val)         00042800044002800010000
6666000074310024F170819981351200003275840160000052415000380000040942758921      Medellin(Ant)       00114200117002800010000
6666000074370024F170819981506140000241590150000003839000028000040963681851      La Virginia(Ris)    00003200030000800010000
6666000074390024F170819981507100000366120160000005888000042500040963682534      La Virginia(Ris)    00043600046000800010000
6666000074520024F170819981550540000922160160000014783000107000040912981829      Bogota Etb(Cun)     00031800033002800010000
6666000074530024F170819981555160000568790160000009120000066000040946795255      Tado(Cho)           00003600030001900010000
6666000074590024F170819981556460001482550160000023743000172000040912939724      Bogota Etb(Cun)     00051800053002800010000
6666000074650024F170819981621380000646630160000010335000075000040967660510      Caicedonia(Val)     00032400034001900010000
6666000074730024F170819981723580000241590150000003839000028000040963671712      La Celia(Ris)       00002000030000800010000
6666000074760024F170819981740080000568790160000009120000066000040968546073      Bonafont(Cds)       00002400030001900010000
6666000074780024F170819981740580001215440160000019456000141000040968546073      Bonafont(Cds)       00062800064001900010000
6666000074820024F170819981750260002840590160000045439000329500040988772018      Neiva(Hui)          00071000071004000010000
6666000074840024F170819981800480000241590150000003839000028000040967584634      Circasia(Qui)       00002000030000800010000
6666000074870024F170819981807500002323150160000037184000269500040942705736      Medellin(Ant)       00082200083002800010000
6666000074960024F170819981822580002737230160000043776000317500040968580638      Filadelfia(Cds)     00142800144001900010000
6666000075000024F170819981857080000853200160000013679000099000040922298440      Roldanillo(Val)     00043400045001900010000
6666000075030024F170819981908440002155030160000034495000250000040924392700      Cali 1(Val)         00074200077002800010000
6666000073100024F170819980805500000271480160000004351000031500050968770882      Manizales(Cds)      00032600034000800010000
6666000073130314F1708199808440200082761501600001323830009600000500934930435330  Espaża              00060000060013790010000
6666000073210024F170819980920180000241590150000003839000028000050968874640      Manizales(Cds)      00015000030000800010000
6666000073290024F170819980938140000366120160000005888000042500050965633671      Cartago Ert(Val)    00043800046000800010000
6666000073310024F170819980944340000568790160000009120000066000050963563106      Quinchia(Ris)       00001400030001900010000
6666000073420024F170819981009520000568790160000009120000066000050922299640      Roldanillo(Val)     00014200030001900010000
6666000073460024F170819981019000000568790160000009120000066000050948209136      Belen De Bajira(Ant)00004600030001900010000
6666000073540024F170819981023500001460920160000023407000169500050948209136      Belen De Bajira(Ant)00074600077001900010000
6666000073560024F170819981032540000241590150000003839000028000050967402268      Armenia(Qui)        00015400030000800010000
6666000073590024F170819981039520000568790160000009120000066000050922267246      Trujillo(Val)       00000400030001900010000
6666000073650024F170819981042540000241590150000003839000028000050967402868      Armenia(Qui)        00014200030000800010000
6666000073670024F170819981045100000392270160000006272000045500050967405014      Armenia(Qui)        00045800049000800010000
6666000073720024F170819981050440001521790160000024320000176500050967482119      Armenia(Qui)        00190400190000800010000
6666000073810024F170819981122440001521790160000024320000176500050922299640      Roldanillo(Val)     00080000080001900010000
6666000073820024F170819981132120000241590150000003839000028000050967582788      Filandia(Qui)       00001600030000800010000
6666000073880024F170819981133480002802000160000044800000325000050924334975      Cali 1(Val)         00100400100002800010000
6666000073890024F170819981148160000250310150000003967000029000050965604437      Alcala(Val)         00030800031000800010000
6666000073950024F170819981202540000685550160000010944000079500050982661920      Ibague(Tol)         00034000036001900010000
6666000073980024F170819981213020000241590150000003839000028000050967582788      Filandia(Qui)       00022800030000800010000
6666000074000024F170819981216460000241590150000003839000028000050967582789      Filandia(Qui)       00012000030000800010000
6666000074070024F170819981227020001202360160000019263000139500050944963468      Medellin(Ant)       00041800043002800010000
6666000074120024F170819981259240000241590150000003839000028000050967535466      Montenegro(Qui)     00025600030000800010000
6666000074150024F170819981306240000241590150000003839000028000050963648067      Sta Rosa Cabal(Ris) 00005800030000800010000
6666000074190024F170819981314060000241590150000003839000028000050967584022      Circasia(Qui)       00010000030000800010000
6666000074270024F170819981327220007810070160000124992000906000050945537749      Medellin(Ant)       00275800279002800010000
6666000074460024F170819981537300001784240160000028576000207000050968596550      Salamina(Cds)       00092600094001900010000
6666000074480024F170819981550080000241590150000003839000028000050968751278      Manizales(Cds)      00010800030000800010000
6666000074500024F170819981552220000568790160000009120000066000050968597237      Salamina(Cds)       00001200030001900010000
6666000074570024F170819981600120000568790160000009120000066000050968597237      Salamina(Cds)       00001400030001900010000
6666000074670024F170819981629480001318790160000021119000153000050986701760      Vvicencio Etell(Met)00032000033004000010000
6666000074700024F170819981701000001310240160000020975000152000050963664115      S. Jose-Palmar(Ris) 00065600069001900010000
6666000074740024F170819981720000000590270160000009471000068500050968764132      Manizales(Cds)      00072400074000800010000
6666000074800024F170819981747440001711400160000027359000198500050968596224      Salamina(Cds)       00090400090001900010000
6666000074830024F170819981758060000568790160000009120000066000050968596407      Salamina(Cds)       00000800030001900010000
6666000074930024F170819981827040000663600160000010639000077000050963609699      Apia(Ris)           00033000035001900010000
6666000075060024F170819981925340000840600160000013440000097500050942375581      Medellin(Ant)       00010000030002800010000
