@echo off
;*** Especificación del NŻmero Serial ***
;
;* Las dos primeras cifras del nŻmero indican
;     el codigo asignado al paĪs. el de Colombia es "78"
;
;* Las cuatro cifras siguientes indican:
;      En la primera posición es utiliza para identificar
;      el nombre de la compażia a que va ser vendido
;      el equipo.
;      Observe si el nŻmero vale:
;      "1" identifica a la compażia como un S.A.I.
;      "2" identifica a la compażia como TELECOM.
;      "3" identifica a la compażia como EDATEL.
;      "4" identifica a la compażĪa como PACIFITEL de Ecuador.
;      "5" identifica a la Empresa Regional de Telecomunicaciones (Valle)
;      "6" identifica a TeleTulua
;      "7" identifica a la ETB
;      "8" identifica a ORBITEL
;
;* La siguiente cifra indica, la segunda cifra del indicativo
;      de la localidad por ejemplo "Ibague" el indicativo es
;      98 X XXX XXX. entoces se coloca el nŻmero "8" el cual
;      identifica el Ārea a que pertenece la localidad.
;
;* Las siguientes dos cifras indican el consecutivo de equipos
;      vendidos en esa ZONA, fijese en el nŻmero anterior
;      para colocar este.
;
;* Con las siguientes tres cifras se indica el consecutivo
;      total de equipos vendidos, fijese en el nŻmero anterior
;      para colocar este.
;
;* las siguientes tres cifras indican la versión del programa
;      SmartTar.
;
;*las ultimas tres cifras indican el el nŻmero de la tarjeta STM-2
;     que por defecto es el nŻmero del consecutivo total de equipos
;     vendidos.
; La letra B y el nŻmero al frente de la localidad indican que base
; datos tiene
;
; B1: Base de datos de enero 20/96 hecha con listado de nov. 10/95
; enviado por la NEC.
;
; Listado de Generación del SmartTar
;
; Serial 2|4 [EDA] [PRO]
;     2: SmartTar ST16
;     4: SmartTar ST32
;   PRO: SmartTar Pro
;   EDA: Target is EDA
;NOEEPROM : ST sin clave
;
; GCC: August 1/1995.
;
;Serial              Tipo     Nombre                Ciudad      Dto.           fecha(DD/MM/AA)

 78-1002-000-220-000 2 NOEEPROM      ;Versión de Prueba     MedellĪn    (Ant).
 78-1801-001-220-001 2 NOEEPROM      ;SAI De la Gobernación Ibagué      (Tol)
 78-2801-002-220-002 4 NOEEPROM      ;Tel Principal         Ibagué      (Tol)
 78-2802-003-220-003 2 NOEEPROM      ;Tel Honda             Honda       (Tol)
 78-2803-004-220-004 2 NOEEPROM      ;Tel Mariquita         Mariquita   (Tol)
 78-2804-005-220-005 2 NOEEPROM      ;Tel Libano            Libano      (Tol)
 78-2805-006-220-006 2 NOEEPROM      ;Tel Tolemaida         Melgar      (Tol) STC
 78-2806-007-220-007 2 NOEEPROM      ;Tel Leticia           Leticia     (Amz)
 78-2807-008-220-008 2 NOEEPROM      ;Tel Guamo             Guamo       (Tol)
 78-2808-009-220-009 2 NOEEPROM      ;Tel Chaparral         Chaparral   (Tol)
 78-2809-010-220-010 2 NOEEPROM      ;Tel Pijao             Ibagué      (Tol)
 78-2201-011-220-011 2 NOEEPROM      ;Tel Ginebra           Ginebra     (Val)
 78-2202-012-220-012 2 NOEEPROM      ;Tel Silvia.           Silvia.     (Cau)
 78-2203-013-220-013 2 NOEEPROM      ;Tel Timbio.           Timbio.     (Cau)
 78-2204-014-220-014 2 NOEEPROM      ;Tel Bolivar           Bolivar     (Cau)
 78-2205-015-220-015 2 NOEEPROM      ;Tel Balboa.           Balboa.     (Cau)
;
;Serial              Tipo     Nombre                Ciudad      Dto.
;
 78-2206-016-220-016 2 NOEEPROM      ;Tel Sandona           Sandona     (Nar)
 78-2207-017-220-017 2 NOEEPROM      ;Tel Samaniego         Samaniego   (Nar)
 78-2208-018-220-018 2 NOEEPROM      ;Tel La Unión          La Unión    (Nar)
 78-2701-019-220-019 4 NOEEPROM      ;Tel Bucaramanga       Bucaramang  (Sdr)
 78-2702-020-220-020 4 NOEEPROM      ;Tel Barranca Bermeja  Barranca B. (Sdr)
 78-2703-021-220-021 2 NOEEPROM      ;Tel Barbosa           Barbosa     (Sdr)
 78-2704-022-220-022 2 NOEEPROM      ;Tel Malaga            Malaga      (Sdr)
 78-2705-023-220-023 2 NOEEPROM      ;Tel Piedecuesta       Piedecuesta (Sdr)
 78-2706-024-220-024 2 NOEEPROM      ;Tel San Gil           San Gil     (Sdr)
 78-2707-025-220-025 2 NOEEPROM      ;Tel Socorro           Socorro     (Sdr)
 78-2708-026-220-026 2 NOEEPROM      ;Tel Velez             Velez       (Sdr)
 78-2709-027-220-027 2 NOEEPROM      ;Tel Aratoca           Aratoca     (Sdr)
 78-2710-028-220-028 2 NOEEPROM      ;Tel Barichara         Barichara   (Sdr)
 78-2711-029-220-029 2 NOEEPROM      ;Tel Capitanejo        Capitanejo  (Sdr)
;
;Serial             Tipo     Nombre                Ciudad      Dto.
;
 78-2712-030-220-030 2 NOEEPROM      ;Tel Charala           Charala     (Sdr)
 78-2713-031-220-031 2 NOEEPROM      ;Tel Cimitarra         Cimitarra   (Sdr)
 78-2714-032-220-032 2 NOEEPROM      ;Tel Carmchucur        Carmchucur  (Sdr)
 78-2715-033-220-033 2 NOEEPROM      ;Tel El Playon         El Playon   (Sdr)
 78-2716-034-220-034 2 NOEEPROM      ;Tel Landazuri         Landazuri   (Sdr) STC
 78-2717-035-220-035 2 NOEEPROM      ;Tel Mesa de los Stos  M. Santos   (Sdr)
 78-2718-036-220-036 2 NOEEPROM      ;Tel Pte. Nacional     Pte. Nal.   (Sdr)
 78-2719-037-220-037 2 NOEEPROM      ;Tel Pto. Parra        Pto. Parra  (Sdr)
 78-2720-038-220-038 2 NOEEPROM      ;Tel Pto Wilches       Pto Wilches (Sdr)
 78-2721-039-220-039 2 NOEEPROM      ;Tel Rionegro          Rionegro    (Sdr)
 78-1201-040-209-040 2       ;SAI Pasto             Pasto       (Nar)             Parece que nunca existio
 78-2810-041-220-041 2 NOEEPROM      ;Tel Pto. Asis         Pto. Asis   (Put)
 78-2601-042-220-042 4 NOEEPROM      ;Tel Pereira           Pereira     (Ris)
 78-2501-043-220-043 2 NOEEPROM      ;Tel Codazzi           Codazzi     (Ces) STC
 78-2502-044-220-044 2 NOEEPROM      ;Tel Valledupar        Valledupar  (Ces) STC
 78-3401-045-218-045 2 EDA   ;EDA T. Transporte     MedellĪn    (Ant)
;
;Serial             Tipo     Nombre                 Ciudad      Dto.
;
 78-3402-046-216-046 2 EDA   ;EDA Alejandria        Alejandria  (Ant)
 78-3403-047-216-047 2 EDA   ;EDA Caucasia          Caucasia    (Ant)
 78-3404-048-216-048 2 EDA   ;EDA Caucasia          Caucasia    (Ant)
 78-3405-049-216-049 2 EDA   ;EDA Pintada           Pintada     (Ant)
 78-1101-050-220-050 2 NOEEPROM      ;SAI Fidugas           Sta. Fé BtĀ (Cun)
 78-3406-051-216-051 2 EDA   ;EDA Angostura         Angostura   (Ant)
 78-3407-052-216-052 2 EDA   ;EDA Armenia Manteq    Armenia M   (Ant)
 78-1102-053-217-053 2       ;SAI La Paz            La Paz      (Cun)
 78-1802-054-209-054 2       ;SAI EL Limonar        Ibagué      (Tol)
 78-1202-055-220-055 2 NOEEPROM      ;SAI Divino Niżo       Buga        (Val) STC
 78-1803-056-209-056 2       ;SAI La Gaviota        Ibagué      (Tol)
 78-1804-057-209-057 2       ;SAI La Castellana     Ibagué      (Tol)
 78-1805-058-220-058 2 NOEEPROM      ;SAI ISS (El Limonar)  Ibagué      (Tol)
 78-1806-059-220-059 2 NOEEPROM      ;SAI Tolemaida 1       Melgar      (Tol) STC
;
;Serial             Tipo     Nombre                Ciudad      Dto.
;
 71-0000-060-208-060 2       ;EME Quito             Quito       (EDR)
 71-1820-061-208-061 2       ;EME Porto Viejo       Quito       (EDR)
 78-1807-062-220-062 2       ;SAI El Jordan         Ibagué      (Tol)
 78-1808-063-220-063 2 NOEEPROM      ;SAI San Sebastian     Venadillo   (Tol)
 78-1809-064-220-064 2 NOEEPROM      ;SAI Ricaurte          Ibagué      (Tol)
 78-1810-065-220-065 2 NOEEPROM      ;SAI Topacio           Ibagué      (Tol)
 78-1811-066-220-066 2 NOEEPROM      ;SAI La Terminal       Purificacion(Tol)
 78-1812-067-218-067 2 NOEEPROM      ;SAI La Cuarta         Espinal     (Tol)
 78-1813-068-220-068 2 NOEEPROM      ;SAI Servicomunicacio. Espinal     (Tol)
 78-1103-069-220-069 2 NOEEPROM      ;SAI TeleExpres        Sta. Fé BtĀ (Cun)
 78-2101-070-206-070 2       ;Tel Florentino Vesga  Sta. Fé BtĀ (Cun)
 78-1814-071-220-071 2 NOEEPROM      ;SAI Belen             Ibagué      (Tol)
 78-1815-072-220-072 2 NOEEPROM      ;SAI Xilitec           Ibagué      (Tol)
 78-1816-073-220-073 2 NOEEPROM      ;SAI Coruniversitario  Ibague      (Tol)
 78-1817-074-220-074 2 NOEEPROM      ;SAI Cażaveral         Ibagué      (Tol)
 78-1104-075-219-075 2 NOEEPROM      ;SAI Lucero Medio      Sta. Fé BtĀ (Cun) STC
;
;Serial             Tipo     Nombre                 Ciudad      Dto.
;
 78-1818-076-220-076 2 NOEEPROM      ;SAI Compijaos         Ibagué      (Tol)
 78-1819-077-220-077 2 NOEEPROM      ;SAI El JardĪn         Ibagué      (Tol)
 78-1820-078-220-078 2 NOEEPROM      ;SAI Gaitan            Ibagué      (Tol)
 78-1821-079-220-079 2 NOEEPROM      ;SAI Panamericana      Saldaża     (Tol)
 78-2811-081-220-081 4 PRO NOEEPROM  ;Tel Sta Rosa Viterb   Sta Ros Vite(Boy)
 78-2812-082-220-082 4 PRO NOEEPROM  ;Tel Paz de Rio        Paz de Rio  (Boy)
 78-2813-083-220-083 4 PRO NOEEPROM  ;Tel Socha             Socha       (Boy)
 78-2814-084-220-084 2 PRO NOEEPROM  ;Tel Miraflores        Miraflores  (Boy)
 78-2815-085-220-085 2 PRO NOEEPROM  ;Tel Soata             Soata       (Boy)
 78-2816-086-220-086 2 PRO NOEEPROM  ;Tel Cocuy             Cocuy       (Boy)
 78-1822-087-220-087 2 NOEEPROM      ;SAI Estacion Terpel   Ambalema    (Tol)
 78-2817-088-220-088 4 PRO NOEEPROM  ;Tel Moniquira         Moniquira   (Boy)
 78-2818-089-220-089 2 PRO NOEEPROM  ;Tel Guateque          Guateque    (Boy)
 78-2819-090-220-090 4 PRO NOEEPROM  ;Tel Garagoa           Garagoa     (Boy)
;
;Serial             Tipo     Nombre                 Ciudad      Dto.
;
 78-1823-091-220-091 2 NOEEPROM      ;SAI Cecom Ltda        Chaparral   (Tol)
 78-2820-092-203-092 4 PRO   ;Tel Duitama           Duitama     (Boy)
 78-1106-093-220-093 2 NOEEPROM      ;SAI Subacentro        Sta. Fé BtĀ (Cun)
 78-1501-094-206-094 2       ;SAI Cas Principal     Bosconia    (Ces)
 78-1824-095-220-095 2 NOEEPROM      ;SAI Marandua          V/cencio    (Met)   STC
 78-1825-096-220-096 2 NOEEPROM      ;SAI Batallon Rooke    Ibagué      (Tol)
 78-1826-097-220-097 2 NOEEPROM      ;SAI Sexta Brigada     Ibagué      (Tol)
 78-1827-098-220-098 2 NOEEPROM      ;SAI S.Pedro de Alejan Ibagué      (Tol)
 78-1829-100-220-100 2 NOEEPROM      ;SAI Calle Real        Chaparral   (Tol)
 78-2830-101-203-101 2       ;TEL Neiva             Neiva       (Hui)
 78-2831-102-220-102 2 NOEEPROM      ;TEL San Agustin       San Agustin (Hui)
 78-2832-103-220-103 2 NOEEPROM      ;TEL Pitalito          Pitalito    (Hui)
 78-2833-104-220-104 2 NOEEPROM      ;TEL Palermo           Palermo     (Hui)
 78-2834-105-216-105 2       ;TEL La Plata          La Plata    (Hui)
;
;Serial             Tipo     Nombre                 Ciudad      Dto.
;
 78-1835-106-220-106 2 NOEEPROM      ;SAI El Centro         Saldaża     (Tol)
 78-2836-107-220-107 2 NOEEPROM      ;TEL Rovira            Rovira      (Tol)
 78-2837-108-220-108 2 NOEEPROM      ;TEL Cajamarca         Cajamarca   (Tol)
 78-2838-109-220-109 2 NOEEPROM      ;TEL Saldaża           Saldaża     (Tol)
 78-2839-110-220-110 2 NOEEPROM      ;TEL Fresno            Fresno      (Tol)
 78-2840-111-220-111 2 NOEEPROM      ;TEL Guayabal          Guayabal    (Tol)
 78-2841-112-220-112 2 NOEEPROM      ;TEL Ortega            Ortega      (Tol)
 78-2842-113-220-113 2 NOEEPROM      ;TEL Natagaima         Natagaima   (Tol)
 78-2843-114-220-114 2 NOEEPROM      ;TEL Melgar            Melgar      (Tol)
 78-2844-115-220-115 2 NOEEPROM      ;TEL Chicoral          Chicoral    (Tol)
 78-2845-116-220-116 2 NOEEPROM      ;TEL C. de Apicala     C. Apicala  (Tol)
 78-2846-117-220-117 2 NOEEPROM      ;TEL Ambalema          Ambalema    (Tol)
 78-2847-118-220-118 2 NOEEPROM      ;TEL Purificación      Purificación(Tol)
 78-2848-119-220-119 2 NOEEPROM      ;TEL Venadillo         Venadillo   (Tol)
 78-2849-120-220-120 2 NOEEPROM      ;TEL Planadas          Planadas    (Tol)
;
;Serial             Tipo     Nombre                 Ciudad      Dto.
;
 78-1850-121-220-121 2 NOEEPROM      ;SAI El Carmen         Honda       (Tol)
 78-1851-122-220-122 2 NOEEPROM      ;SAI Batallon Patriota Honda       (Tol)
 78-1852-123-220-123 2 NOEEPROM      ;SAI Herluz            Ibague      (Tol)
 78-1502-124-203-124 2       ;SAI Tel. Orozco Ltda  J. Ibirico  (Ces)
 78-1503-125-220-125 2 NOEEPROM      ;SAI Jagua de Ibirico  J. Ibirico  (Ces)
 78-1853-126-209-126 2       ;SAI Chicoral          Chicoral    (Tol)
 78-1854-127-220-127 2 NOEEPROM      ;SAI Satelite          El Doncello (Caq)
 78-3408-128-216-128 2 EDA   ;EDA Fredonia          Fredonia    (Ant)
 78-3409-129-216-129 2 EDA   ;EDA Amaga             Amaga       (Ant)
 78-3410-130-216-130 2 EDA   ;EDA Andes             Andes       (Ant)
 78-3411-131-216-131 2 EDA   ;EDA Jerico            Jerico      (Ant)
 78-3412-132-216-132 2 EDA   ;EDA Betania           Betania     (Ant)
 78-2722-133-220-133 2 NOEEPROM      ;Tel Cucuta            Cucuta      (N.S)
 78-2723-134-220-134 2 NOEEPROM      ;Tel Villa Rosario     Cucuta      (N.S)
 78-2724-135-220-135 2 NOEEPROM      ;Tel Quinta Oriental   Cucuta      (N.S)
;
;Serial             Tipo     Nombre                 Ciudad      Dto.
;
 78-2725-136-220-136 2 NOEEPROM      ;Tel Chinacota         Chinacota   (N.S)
 78-2726-137-220-137 2 NOEEPROM      ;Tel Pamplona          Pamplona    (N.S)
 78-2727-138-220-138 2 NOEEPROM      ;Tel Pto Santander     Pto Sder    (N.S)
 78-2728-139-220-139 2 NOEEPROM      ;Tel Convencion        Convencion  (N.S)
 78-1855-140-220-140 2 NOEEPROM      ;SAI Lider             V/cencio    (Met) STC
 78-1856-141-220-141 2 NOEEPROM      ;SAI Triunfo           V/cencio    (Met)
 78-1857-142-220-142 2 NOEEPROM      ;SAI Savoy             V/cencio    (Met)
 78-1858-143-220-143 2 NOEEPROM      ;SAI Escuela Policia   V/cencio    (Met)
 78-1859-144-220-144 2 NOEEPROM      ;SAI San Jorge         V/cencio    (Met)
 78-1860-145-220-145 2 NOEEPROM      ;SAI San Andresito     V/cencio    (Met)
 78-1861-146-220-146 2 NOEEPROM      ;SAI Villa Julia       V/cencio    (Met) STC
 78-1863-148-220-148 2 NOEEPROM      ;SAI La 22             V/cencio    (Met)
 78-1864-149-220-149 2 NOEEPROM      ;SAI Batallón Caicedo  Chaparral   (Tol)
 78-1865-150-220-150 2 NOEEPROM      ;SAI Natagaima         Natagaima   (Tol)
;
;Serial             Tipo     Nombre                 Ciudad      Dto.
;
 78-1866-151-220-151 2 NOEEPROM      ;SAI Intercom          Melgar      (Tol)
 78-1872-157-220-157 2 NOEEPROM      ;SAI Servitel          Cumaral     (Met)
 78-1873-158-220-158 2 NOEEPROM      ;SAI Puerto Lopez      Pto. Lopez  (Met)
 78-1874-159-220-159 2 NOEEPROM      ;SAI Aeropuerto        V/cencio    (Met)
 78-1107-161-220-161 2 NOEEPROM      ;SAI San Andresito     SantaFé BtĀ (Cun)
 78-1875-162-220-162 2 NOEEPROM      ;SAI Diego de Ospina   Neiva       (Hui)
 78-1876-163-220-163 2 NOEEPROM      ;SAI Los cedritos      Aguazul     (Cas)
 78-1877-164-220-164 2 NOEEPROM      ;SAI Dolores           Dolores     (Tol)
 78-1504-165-220-165 2 NOEEPROM      ;SAI Pailitas          Pailitas    (Ces)
;
;Serial             Tipo     Nombre                 Ciudad      Dto.
;
 78-3413-166-216-166 2 EDA   ;EDA Bolivar           Bolivar     (Ant)
 78-1878-167-220-167 2 NOEEPROM      ;SAI Centro            Melgar      (Tol)
 78-1879-168-220-168 2 NOEEPROM      ;SAI Gualanday         gualanday   (Tol) STC
 78-2102-169-220-169 2 NOEEPROM      ;Tel Bogota 2          Bogota      (Cun)
 78-3414-170-216-170 2 EDA   ;EDA Vegachi           Vegachi     (Ant)
 78-3415-171-216-171 2 EDA   ;EDA Salgar            Salgar      (Ant)
 78-3416-172-218-172 2 EDA   ;EDA Cisneros          Cisneros    (Ant)
 78-3417-173-216-173 2 EDA   ;EDA Pto. Berrio       Pto. Berrio (Ant)
 78-3418-174-216-174 2 EDA   ;EDA Sta. Fe Antioquia Sta.Fe Antio(Ant)
 78-3419-175-216-175 2 EDA   ;EDA Bolombolo         Bolombolo   (Ant)
 78-3420-176-216-176 2 EDA   ;EDA Caracoli          Caracoli    (Ant)
 78-3421-177-216-177 2 EDA   ;EDA Carolina          Carolina    (Ant)
 78-3422-178-216-178 2 EDA   ;EDA Don Matias        Don Matias  (Ant)
 78-3423-179-216-179 2 EDA   ;EDA Doradal           Doradal     (Ant)
 78-3424-180-216-180 2 EDA   ;EDA El Peżol          El Peżol    (Ant)
;
;Serial             Tipo     Nombre                 Ciudad      Dto.
;
 78-3425-181-216-181 2 EDA   ;EDA Gomez Plata       Gomez Plata (Ant)
 78-3426-182-216-182 2 EDA   ;EDA Guadalupe         Guadalupe   (Ant)
 78-2602-183-220-183 4 PRO NOEEPROM  ;Tel Pereira 2         Pereira     (Ris)
 78-1601-184-217-184 2       ;SAI Base Aerea        Pto. Salgar (Cun)
 78-1880-185-220-185 2 NOEEPROM      ;SAI Teledigital       Pitalito    (Hui)
 78-1882-187-220-187 2 NOEEPROM      ;SAI Barrio Coperativo Acacias     (Met)
 78-1883-188-220-188 2 NOEEPROM      ;SAI La Esperanza      V/cencio    (Met)
 78-2850-189-220-189 2 NOEEPROM      ;TEL S.V. Caguan       S.V.Caguan  (Caq)
 78-2103-190-219-190 2       ;SAI Santa Lucia       Bogota      (Cun)
 78-2104-191-216-191 2       ;Tel Villeta           Villeta     (Cun)
 78-2105-192-217-192 2       ;Tel Guaduas           Guaduas     (Cun)
 78-1884-193-220-193 2 NOEEPROM      ;SAI Villacentro       V/cencio    (Met)
 78-1885-194-220-194 2 NOEEPROM      ;SAI Cafam             Melgar      (Tol)
 78-1886-195-220-195 2 NOEEPROM      ;SAI Base Aerea        Melgar      (Tol)
;
;Serial             Tipo     Nombre                 Ciudad      Dto.
;
 78-2851-196-220-196 2 NOEEPROM      ;TEL Principal         El Doncello (Caq)
 78-1887-197-220-197 2 NOEEPROM      ;SAI Base Aerea Apiay  V/cencio    (Met)
 78-1888-198-220-198 2 NOEEPROM      ;SAI La Bomba          San Martin  (Met)
 78-1108-199-220-199 2 NOEEPROM      ;SAI La Victoria       SantaFé BtĀ (Cun)
 78-1109-200-220-200 2 NOEEPROM      ;SAI Arbelaez          Arbelaez    (Cun)
 78-1110-201-218-201 2 NOEEPROM      ;SAI El Cortijo        Madrid      (Cun)
 78-1889-202-220-202 2 NOEEPROM      ;SAI El Carmen         Mariquita   (Tol)
 78-1890-203-220-203 2 PRO NOEEPROM  ;SAI Pto. Bogota       Honda       (Tol)
 78-2821-204-220-204 2 NOEEPROM      ;TEL Villavicencio     V/cencio    (Met)
 78-1891-205-220-205 2 NOEEPROM      ;SAI Centro Libano     Libano      (Tol)
 78-1892-206-220-206 2 NOEEPROM      ;SAI Hospital          Yopal       (Cas)
 78-2209-207-220-207 4 NOEEPROM      ;Tel Buenaventura      B/ventura   (Val)
 78-2603-208-220-208 4 NOEEPROM      ;Tel Cartago           Cartago     (Val)
 78-2852-209-220-209 2 NOEEPROM      ;TEL Aquitania         Aquitania   (Boy)
 78-2853-210-220-210 2 NOEEPROM      ;TEL Belen             Belen       (Boy)
 78-2854-211-220-211 2 NOEEPROM      ;TEL Boavita           Boavita     (Boy)
 78-2855-212-220-212 2 NOEEPROM      ;TEL La Uvita          La Uvita    (Boy)
 78-2856-213-220-213 2 NOEEPROM      ;TEL Santa Maria       Santa Maria (Boy)
 78-1893-214-220-214 2 NOEEPROM      ;SAI Restrepo          Restrepo    (Met)
 78-1894-215-220-215 2 NOEEPROM      ;SAI Gaitania          Gaitania    (Tol)
 78-1895-216-220-216 2 NOEEPROM      ;SAI Centro            Restrepo    (Met)

;Serial             Tipo     Nombre                 Ciudad      Dto.

 78-1896-217-220-217 2 NOEEPROM      ;SAI Centro            San Martin  (Met)
 78-3427-218-216-218 2 EDA   ;EDA Cażas Gordas      Cażas Gordas(Ant)
 78-3428-219-216-219 2 EDA   ;EDA Turbo             Turbo       (Ant)
 78-3429-220-216-220 2 EDA   ;EDA San Jeronimo      San Geronimo(Ant)
 78-3430-221-216-221 2 EDA   ;EDA El Bagre          El Bagre    (Ant)
 78-3431-222-216-222 2 EDA   ;EDA Frontino          Frontino    (Ant)
 78-3432-223-216-223 2 EDA   ;EDA Guatape           Guatape     (Ant)
 78-3433-224-216-224 2 EDA   ;EDA Chigorodo         Chigorodo   (Ant)
 78-3434-225-216-225 2 EDA   ;EDA Hispania          Hispania    (Ant)
 78-3435-226-216-226 2 EDA   ;EDA Apartado          Apartado    (Ant)
 78-3436-227-216-227 2 EDA   ;EDA Apartado          Apartado    (Ant)
 78-1897-228-220-228 2 NOEEPROM      ;SAI Santiago Perez    Santiago per(Tol)
 78-1203-229-220-229 2 NOEEPROM      ;SAI Santa Ana         Cartago     (Val)
 78-1898-230-220-230 2 NOEEPROM      ;SAI Terminal          V/cencio    (Met)
 78-1899-231-220-231 2 NOEEPROM      ;SAI Rioblanco         Rioblanco   (Tol) STC
 78-2857-232-220-232 2 NOEEPROM      ;TEL Nuqui             Nuqui       (Cho)
 78-18A1-233-220-233 2 NOEEPROM      ;SAI Tolemaida2        Tolemaida   (Tol) STC
 78-1505-234-209-234 2       ;SAI Cointel           Bosconia    (Ces)
 78-18A2-235-220-235 2 NOEEPROM      ;SAI Villa Ortiz       V/cencio    (Met)
 78-1111-236-217-236 2       ;SAI Avenida           Guaduas     (Cun)
 78-18A3-237-220-237 2 NOEEPROM      ;SAI Centro            Granada     (Met) STC

;Serial             Tipo     Nombre                 Ciudad      Dto.

 78-1112-238-220-238 2 NOEEPROM      ;SAI Ciudad Salitre    Bogota      (Cun) STC
 78-18A4-239-220-239 2       ;SAI Septima Brigada   V/cencio    (Met)
 78-2604-240-220-240 4 NOEEPROM      ;TEL Dos Quebradas     Dos Quebr.  (Ris)
 78-8401-241-218-241 2 NOEEPROM      ;SAI Palacio exp.      MedellĪn    (Ant)
 78-18A5-242-220-242 2 NOEEPROM      ;SAI La Frontera       Leticia     (Amz)
 78-3437-243-216-243 2 EDA   ;EDA Jardin            Jardin      (Ant)
 78-3438-244-216-244 2 EDA   ;EDA Arboletes         Arboletes   (Ant)
 78-3439-245-216-245 2 EDA   ;EDA Carepa            Carepa      (Ant)
 78-3440-246-216-246 2 EDA   ;EDA La Sierra         La Sierra   (Ant)
 78-3441-247-216-247 2 EDA   ;EDA Dabeiba           Dabeiba     (Ant)
 78-3442-248-216-248 2 EDA   ;EDA Maceo             Maceo       (Ant)
 78-3443-249-216-249 2 EDA   ;EDA Necocli           Necocli     (Ant)
 78-3444-250-217-250 2 EDA   ;EDA S.Pedro Milagr.   S.P. Milagr (Ant)
 78-3445-251-216-251 2 EDA   ;EDA Pto Nare          Pto Nare    (Ant)
 78-3446-252-216-252 2 EDA   ;EDA San Rafael        S. Rafael   (Ant)
 78-3447-253-216-253 2 EDA   ;EDA San Vicente       S. Vicente  (Ant)
 78-3448-254-216-254 2 EDA   ;EDA Santa Barbara     S. Barbara  (Ant)
 78-3449-255-216-255 2 EDA   ;EDA Titiribi          Titiribi    (Ant)
 78-3450-256-216-256 2 EDA   ;EDA Valparaiso        Valparaiso  (Ant)
 78-3451-257-216-257 2 EDA   ;EDA Venecia           Venecia     (Ant)

;Serial             Tipo     Nombre                 Ciudad      Dto.

 78-3452-258-216-258 2 EDA   ;EDA Yolombo           Yolombo     (Ant)
 78-3453-259-216-259 2 EDA   ;EDA Pto Perales       Pto Perales (Ant)
 78-3454-260-216-260 2 EDA   ;EDA Abejorral         Abejorral   (Ant)
 78-3455-261-216-261 2 EDA   ;EDA Cocorna           Cocorna     (Ant)
 78-3456-262-218-262 2 EDA   ;EDA Granada           Granada     (Ant)
 78-3457-263-216-263 2 EDA   ;EDA Remedios          Remedios    (Ant)
 78-3458-264-216-264 2 EDA   ;EDA Concordia         Concordia   (Ant)
 78-3459-265-216-265 2 EDA   ;EDA Pueblo Rico       Pueblo Rico (Ant)
 78-3460-266-216-266 2 EDA   ;EDA Zaragoza          Zaragoza    (Ant)
 78-3461-267-216-267 2 EDA   ;EDA Taraza            Taraza      (Ant)
 78-18A6-268-220-268 2 NOEEPROM      ;SAI San Isidro        V/cencio    (Met)
 71-4103-269-212-269 2       ;PACIFITEL Centro      Guayaquil   (EDR)
 71-4104-270-212-270 2       ;PACIFITEL Alborada    Guayaquil   (EDR)
 71-4105-271-220-271 2 NOEEPROM      ;PACAIFITEL A. Sim Bol Guayaquil   (EDR)
 71-4106-272-212-272 2       ;PACIFITEL Duran       Guayaquil   (EDR)
 71-4107-273-212-273 2       ;PACIFITEL Milagro     Guayaquil   (EDR)
 71-4108-274-212-274 2       ;PACIFITEL Playas      Guayaquil   (EDR)
 71-4109-275-212-275 2       ;PACIFITEL Santa Elena Guayaquil   (EDR)

;Serial             Tipo     Nombre                 Ciudad      Dto.

 71-4110-276-212-276 2       ;PACIFITEL La Libertad Guayaquil   (EDR)
 71-4111-277-212-277 2       ;PACIFITEL Babahoyo    Los Rios    (EDR)
 71-4112-278-212-278 2       ;PACIFITEL Is San Cris Galapagos   (EDR)
 71-4113-279-212-279 2       ;PACIFITEL Is Sta Cruz Galapagos   (EDR)
 71-4114-280-212-280 2       ;PACIFITEL Aer. Baltra Galapagos   (EDR)
 71-4115-281-212-281 2       ;PACIFITEL Is. Isabela Galapagos   (EDR)
 78-1701-282-211-282 2       ;SAI MER               Barr/Bermaja(Sdr)
 78-2859-283-220-283 2 NOEEPROM      ;TEL Florencia         Florencia   (Caq)
 78-2861-285-220-285 2 NOEEPROM      ;TEL Pto. Rico         Pto. Rico   (Caq)
 78-18A7-286-220-286 2 NOEEPROM      ;SAI Terminal Ltda.    Mariquita   (Tol)
 78-18A8-287-220-287 2 NOEEPROM      ;SAI Aerpto Vanguardia Villa/cio   (Met) STC
 78-2503-288-220-288 2 NOEEPROM      ;Tel Valledupar 2      Valledupar  (Ces) STC
 78-2504-289-220-289 2 NOEEPROM      ;Tel Valledupar 3      Valledupar  (Ces) STC
 78-2505-290-220-290 2 NOEEPROM      ;Tel Aguachica         Aguachica   (Ces) STC
 78-2506-291-220-291 2 NOEEPROM      ;Tel Rio de Oro        Rio de Oro  (Ces) STC
 78-2507-292-220-292 2 NOEEPROM      ;Tel Chimichagua       Chimichagua (Ces) STC
 78-2508-293-220-293 2 NOEEPROM      ;Tel Chiriguana        Chiriguana  (Ces) STC
 78-3462-294-216-294 2 EDA   ;EDA Pto Triunfo       Pto Triunfo (Ant)
 78-3463-295-216-295 2 EDA   ;EDA Segovia           Segovia     (Ant)


;Serial             Tipo     Nombre                 Ciudad      Dto.

 78-3464-296-216-296 2 EDA   ;EDA S. J. del Nus     S.J. Del Nus(Ant)
 78-3465-297-216-297 2 EDA   ;EDA San Luis          San Luis    (Ant)
 78-3466-298-216-298 2 EDA   ;EDA San Roque         San Roque   (Ant)
 78-3467-299-216-299 2 EDA   ;EDA Sonson            Sonson      (Ant)
 78-3468-300-216-300 2 EDA   ;EDA Sopetran          Sopetran    (Ant)
 78-3469-301-216-301 2 EDA   ;EDA Sta Rosa Osos     S. Rosa Osos(Ant)
 78-3470-302-216-302 2 EDA   ;EDA Santo Domingo     Sto Domingo (Ant)
 78-3471-303-218-303 2 EDA   ;EDA Terminal Sur      Terminal Sur(Ant)
 78-3472-304-216-304 2 EDA   ;EDA Tamesis           Tamesis     (Ant)
 78-3473-305-220-305 2 EDA   ;EDA Urrao             Urrao       (Ant)
 78-3474-306-218-306 2 EDA   ;EDA                   EDA         (Ant)
 78-3475-307-216-307 2 EDA   ;EDA                   EDA         (Ant)
 78-3476-308-216-308 2 EDA   ;EDA                   EDA         (Ant)
 78-2402-309-220-309 4 NOEEPROM      ;TELECOM MEDELLIN      MEDELLIN    (Ant)
 78-2403-310-220-310 2 NOEEPROM      ;TELECOM Pto Berrio    Pto Berrio  (Ant)
 78-2404-311-220-311 2 NOEEPROM      ;TELECOM Envigado      Envigado    (Ant)
 78-2405-312-220-312 2 NOEEPROM      ;TELECOM Yarumal       Yarumal     (Ant)
 78-2406-313-220-313 2 NOEEPROM      ;TELECOM Caucasia      Caucasia    (Ant)

;Serial             Tipo     Nombre                 Ciudad      Dto.

 78-18A9-314-220-314 2 NOEEPROM      ;Carlos Gomez          Villavicen  (Met)
 78-18AA-315-220-315 2 NOEEPROM      ;SAI El Porvenir       V/cencio    (Met)
 78-18AB-316-220-316 2 NOEEPROM      ;SAI Plaza Mercado     Medina      (Cun)
 78-18AC-317-220-317 2 NOEEPROM      ;SAI Santa Lucia       Mariquita   (Tol)
 78-18AD-318-220-318 2 NOEEPROM      ;SAI Plaza Mercado     Mariquita   (Tol)
 78-18AE-319-220-319 2 NOEEPROM      ;SAI La Cuarta         Espinal     (Tol)
 78-18AF-320-220-320 2 NOEEPROM      ;SAI Rondon            Espinal     (Tol)
 78-18B0-321-220-321 2 NOEEPROM      ;SAI La Terminal       Purificación(Tol)
 78-18B2-323-220-323 2 PRO NOEEPROM  ;SAI Los Pinos         Venadillo   (Tol) STC
 78-1702-324-220-324 2 NOEEPROM      ;SAI Cra 28            Barr/Bermeja(Sdr)
 78-2611-325-220-325 2 NOEEPROM      ;Tel Terminal Transp   Pereira     (Ris)
 78-1113-326-220-326 2 NOEEPROM      ;SAI Plaza Americas    StanaFé BtĀ (Cun)
 78-2605-327-220-327 4 NOEEPROM      ;Tel Sta Rosa Cabal    Sta Rosa Cab(Ris)
 78-2606-328-220-328 2 NOEEPROM      ;Tel La Virginia       La Virginia (Ris)
 78-2607-329-220-329 2 NOEEPROM      ;Tel C.A.M             Dos Quebr.  (Ris)
 78-2608-330-220-330 2 NOEEPROM      ;Tel Cuba              Pereira     (Ris)
 78-18B3-331-220-331 2 NOEEPROM      ;SAI Marandua 2        V/cencio    (Met)  STC
 78-2609-332-220-332 2 NOEEPROM      ;Tel Belen de Umbria   Belen Umbria(Ris)

;Serial             Tipo     Nombre                 Ciudad      Dto.

 78-2610-333-220-333 2 NOEEPROM      ;Tel Marsella          Marsella    (Ris)
 78-1204-334-220-334 2 NOEEPROM      ;SAI La Cuarta         Cartago     (Val)
 78-18B4-335-220-335 2 NOEEPROM      ;SAI La Terminal       Ibague      (Tol)
 78-18B5-336-220-336 2 NOEEPROM      ;SAI El Libertador     Guamo       (Tol) STC
 78-18B6-337-220-337 2 NOEEPROM      ;SAI Padua             Padua       (Tol)
 78-18B7-338-220-338 2 NOEEPROM      ;SAI El Comercio       Fresno      (Tol)
 78-18B8-339-220-339 2 NOEEPROM      ;SAI La Variante       Fresno      (Tol)
 78-18B9-340-220-340 2 NOEEPROM      ;SAI El Obrero         Honda       (Tol)
 78-2862-341-220-341 2 NOEEPROM      ;TEL Toca              Toca        (Boy)
 78-1114-342-220-342 2 NOEEPROM      ;SAI Hielorama         SantaFé BtĀ (Cun)
 78-2407-343-220-343 2 NOEEPROM      ;TEL. Ppal Marinilla   Marinilla   (Ant)
 78-2408-344-220-344 2 NOEEPROM      ;TEL. ICETEX           Medellin    (Ant)
 78-1830-345-216-345 2       ;SAI Cazadores         S.V. Caguan (Caq)        Maria Tulia Rojas Dussan
 78-18BA-346-220-346 2 NOEEPROM      ;SAI Marly             Chaparral   (Tol) STC    Luis Eduardo Garzon
 78-1831-347-220-347 2 NOEEPROM      ;SAI Centro            Lerida      (Tol)        Arturo Sanchez Castro
 78-2612-348-220-348 2 NOEEPROM      ;SAI Tel Mistrato      Mistrato    (Ris)
 78-2613-349-220-349 2 NOEEPROM      ;SAI Tel Quinchia      Quinchia    (Ris)
 78-2614-350-220-350 2 NOEEPROM      ;SAI Tel El Lago       Pereira     (Ris)

;Serial             Tipo     Nombre                 Ciudad      Dto.

 78-2615-351-220-351 2 NOEEPROM      ;SAI Tel La Cuarta     Pereira     (Ris) STC
 78-2616-352-220-352 2 NOEEPROM      ;SAI Tel La Libertad   Pereira     (Ris) STC
 78-2617-353-220-353 2 NOEEPROM      ;SAI Tel El Crucero    Dos Quebrad (Ris) STC
 78-2618-354-220-354 2 NOEEPROM      ;SAI Tel Guatica       Guatica     (Ris) STC
 78-2619-355-220-355 2 NOEEPROM      ;SAI Tel Ppal          Barcelona   (Qui) STC
 78-2620-356-220-356 2 NOEEPROM      ;SAI Tel Ppal          Buenavista  (Qui) STC
 78-2621-357-220-357 2 NOEEPROM      ;SAI Tel Ppal          Cordoba     (Qui) STC
 78-2622-358-220-358 2 NOEEPROM      ;SAI Tel Ppal          Genova      (Qui) STC
 78-2623-359-220-359 2 NOEEPROM      ;SAI Tel Ppal          Pijao       (Qui) STC
 78-2624-360-220-360 2 NOEEPROM      ;SAI Tel Ppal          Pueblotapao (Qui) STC
 78-2625-361-220-361 2 NOEEPROM      ;SAI Tel Ppal          Salento     (Qui) STC
 78-2626-362-220-362 2 NOEEPROM      ;SAI Tel Terminal T.   Armenia     (Qui) STC
 78-2627-363-220-363 2 NOEEPROM      ;SAI Reserva           Armenia     (Qui) STC
 78-2729-364-220-364 2 NOEEPROM      ;Tel Abrego            Abrego      (N.S)
 78-2822-365-220-365 2 NOEEPROM      ;SAI Tel Ppal          Acandi      (Cho) STC

;Serial             Tipo     Nombre                 Ciudad      Dto.

 78-2409-366-220-366 2 NOEEPROM      ;SAI Tel Ppal          Condoto     (Cho) STC
 78-3477-367-217-367 2 EDA   ;EDA Angelopolis       Angelopolis (Ant)
 78-1506-368-220-368 2 NOEEPROM PRO   ;SAI Yadecom Servicios Valledupar  (Ces) STC     Yara Perez de Ożate
 78-1507-369-220-369 2       ;SAI Centro Ccial Laim Aguachica   (Ces) STC    Rafael Sanchez Luna
 78-1508-370-220-370 2       ;SAI Ppal              San Alberto (Ces) STC    Jarol Cardenas C
 78-2410-371-220-371 2 NOEEPROM      ;SAI Tel Ppal          Quibdo      (Cho) STC
 78-2411-372-220-372 2 NOEEPROM      ;SAI Tel Ppal          Itsmina     (Cho) STC
 78-1509-373-220-373 2 NOEEPROM      ;SAI Util Coputel      Gamarra     (Ces) STC    Javier Alfonso Rodriguez
 78-1832-374-220-374 2 NOEEPROM      ;SAI Comunicaciones    Curillo     (Caq) STC    Lila Castillo Tovar
 78-2823-375-220-375 2 NOEEPROM      ;SAI Tel Ppal          Bagadó      (Cho) STC
 78-2824-376-220-376 2 NOEEPROM      ;SAI Tel Ppal          Ioró        (Cho) STC
 78-2825-377-220-377 2 NOEEPROM      ;SAI Tel Ppal          Puerto Pizar(Cho) STC
 78-2826-378-220-378 2 NOEEPROM      ;SAI Tel Ppal          Cmen Atrato (Cho) STC
 78-2827-379-220-379 2 NOEEPROM      ;SAI Tel Ppal          Tado        (Cho) STC
 78-2828-380-220-380 2 NOEEPROM      ;SAI Tel Ppal          Bahia Solano(Cho) STC
 78-2863-381-220-381 2 NOEEPROM      ;TEL La Libertad       Chiquinquira(Boy)

;Serial             Tipo     Nombre                 Ciudad      Dto.

 78-2864-382-220-382 2 NOEEPROM      ;TEL Plaza Mcdo        Chiquinquira(Boy)
 78-2865-383-220-383 2 NOEEPROM      ;TEL Tmnal Tportes     Chiquinquira(Boy)
 78-2866-384-220-384 2 NOEEPROM      ;TEL El Centro         Muzo        (Boy)
 78-2867-385-220-385 2 NOEEPROM      ;TEL Otanche II        Otanche     (Boy)
 78-2868-386-220-386 2 NOEEPROM      ;TEL La Glorieta       Chiquinquira(Boy)
 78-2869-387-220-387 2 NOEEPROM      ;TEL El Centro         SoatĀ       (Boy)
 78-2870-388-220-388 2 NOEEPROM      ;TEL Pque J.J.Rendon   SoatĀ       (Boy)
 78-2871-389-220-389 2 NOEEPROM      ;TEL Paez              Paez        (Boy)
 78-2872-390-220-390 2 NOEEPROM      ;TEL Santana           Santana     (Boy)
 78-2873-391-220-391 2 NOEEPROM      ;TEL La Capilla        La Capilla  (Boy)
 78-2874-392-220-392 2 NOEEPROM      ;TEL Las Nieves        Tunja       (Boy)
 78-2875-393-220-393 2 NOEEPROM      ;TEL Centro Admtvo     Sogamoso    (Boy)
 78-2876-394-220-394 2 NOEEPROM      ;TEL Pque La Villa     Sogamoso    (Boy)
 78-1833-395-220-395 2 NOEEPROM      ;SAI Los Fundadores    Libano      (Tol) STC
 78-1834-396-220-396 2 NOEEPROM      ;SAI Centro            Curillo     (Caq)

;Serial             Tipo     Nombre                 Ciudad      Dto.

 78-1836-397-217-397 2       ;SAI Romur Comunicac.  Ctgena Chair(Caq)        Flor Angela Vargas Esguerra
 78-1837-398-220-398 2 NOEEPROM      ;SAI Murillo           Murillo     (Tol)        Olga Lucia Diagrama Pineda
 78-1838-399-220-399 2 NOEEPROM      ;SAI Principal         Villanueva  (Cas)        Olga Sossa Fernandez
 78-2877-400-220-400 2 NOEEPROM      ;CAP Principal         Saravena    (Arc)
 78-2878-401-220-401 2 NOEEPROM      ;Tel El Centro         V. de Leyva (Boy)
 78-2879-402-220-402 2 NOEEPROM      ;Tel La Roca           V. de Leyva (Boy)
 78-2880-403-220-403 2 NOEEPROM      ;Tel El Centro         Moniquira   (Boy)
 78-2881-404-220-404 2 NOEEPROM      ;Tel El Centro         Chita       (Boy)
 78-2882-405-220-405 2 NOEEPROM      ;Tel Zetaquira         Zetaquira   (Boy)
 78-2883-406-220-406 2 NOEEPROM      ;Tel Tuta              Tuta        (Boy)
 78-2884-407-220-407 2 NOEEPROM      ;Tel El Centro         Paz de Rio  (Boy)
 78-2885-408-220-408 2 NOEEPROM      ;Tel Macanal           Macanal     (Boy)
 71-4116-409-217-409 2       ;PACIFITEL             Guayaquil   (EDR)
 78-5201-410-219-410 2       ;ERT El Crucero        La Victoria (Val) STC
 78-5202-411-219-411 2       ;ERT Quebrada-nueva    Sevilla     (Val) STC
 78-5203-412-219-412 2       ;ERT Obando            Obando      (Val) STC

;Serial             Tipo     Nombre                 Ciudad      Dto.

 78-2509-413-220-413 2 NOEEPROM      ;Tel San Martin        San Martin  (Ces) STC
 78-2510-414-220-414 2 NOEEPROM      ;Tel La Gloria         La Gloria   (Ces) STC
 78-2511-415-220-415 2 NOEEPROM      ;Tel Tamalameque       Tamalameque (Ces) STC
 78-2628-416-220-416 2 NOEEPROM      ;Tel Santuario         Santuario   (Ris) STC
 78-2629-417-220-417 2 NOEEPROM      ;Tel Balboa            Balboa      (Ris) STC
 78-2630-418-220-418 2 NOEEPROM      ;Tel Apia              Apia        (Ris) STC
 78-2631-419-220-419 2 NOEEPROM      ;Tel Pueblo Rico       P. Rico     (Ris) STC
 78-18BC-420-220-420 2 NOEEPROM      ;SAI Villahermosa      Villahermosa(Tol)
 78-18BB-421-220-421 2 NOEEPROM      ;SAI Minuto de Dios    Lerida      (Tol) STC
 78-1510-422-220-422 2 NOEEPROM      ;SAI S.Alberto Centro  San Alberto (Ces) STC    Luz Mery Aguierre Zuluaga
 78-1839-423-220-423 2 NOEEPROM      ;SAI Popular           V/cencio    (Met)
 78-1840-424-220-424 2 NOEEPROM      ;SAI Batallon Mgdlena  Pitalito    (Hui)
 78-7101-425-219-425 2       ;Telcom CAN Aservitel  Bogota      (Cun) STC    Alexandra Velasquez Paez (2216508)
 78-7102-426-219-426 2       ;Tcom El Tunal Asrvtel Bogota      (Cun) STC    Jairo Torres Piżeros     (7609229)
 78-7103-427-220-427 2       ;Tcom Fontibon Asrvtel Bogota      (Cun) STC    Jaime Baron Baron        (6852830)

;Serial             Tipo     Nombre                 Ciudad      Dto.
 
 78-1841-428-220-428 2 NOEEPROM      ;SAI Tres Esquinas     Solano      (Caq) STC    Dura Milena Rossero
 78-7104-429-219-429 2               ;ETB Principal         BogotĀ      (Cun) STC
 78-1602-430-220-430 2 NOEEPROM      ;SAI Acc Social Ejerc  Armenia     (Qui) STC
 78-6201-431-219-431 2 NOEEPROM      ;Teletulua Andalucia   Andalucia   (Val) STC
 78-1511-432-220-432 2 NOEEPROM      ;SAI Juncal            Aguachica   (Ces) STC    Diana Carolina Gonzalez Lagos
 78-6202-433-219-433 2 NOEEPROM      ;Teletu Sim. Bolivar   Tulua       (Val) STC
 78-6203-434-219-434 2 NOEEPROM      ;Teletu Bugalagrande   Bugalagrande(Val) STC
 78-6204-435-219-435 2 NOEEPROM      ;Teletu San Pedro      San Pedro   (Val) STC
 78-6205-436-219-436 2 NOEEPROM      ;Teletu Trujillo       Trujillo    (Val) STC
 78-6206-437-219-437 2 NOEEPROM      ;Teletu RioFrio        RioFrio     (Val) STC
 78-2632-438-220-438 2 NOEEPROM      ;Tel La Celia          La Celia    (Ris) STC
 78-2633-439-220-439 2 NOEEPROM      ;Tel S.J. del Palmar   S.J.Palmar  (Ris)
 78-2634-440-220-440 2 NOEEPROM      ;Tel Santa Cecilia     Sta Cecilia (Ris)
 78-2635-441-220-441 2 NOEEPROM      ;Tel S.A. del Chami    S.A. Chami  (Ris)
 78-2636-442-220-442 2 NOEEPROM      ;Tel Taparcal          Taparcal    (Ris)
 78-2637-443-220-443 2 NOEEPROM      ;Tel Alto Cauca        Alto Cauca  (Ris)

;Serial             Tipo     Nombre                 Ciudad      Dto.

 78-2638-444-220-444 2 NOEEPROM      ;Tel Irra              Irra        (Ris)
 78-7105-445-219-445 2               ;SAI Telepunto UNISUR  BogotĀ      (Cun) STC
 78-1703-446-220-446 2               ;SAI SERITEL           Barrancab   (Sdr) STC
 78-2829-447-220-447 2 NOEEPROM      ;Repuesto Tel Choco    Quibdo      (Cho) STC
 78-2639-448-220-448 2 NOEEPROM      ;SAI Reserva           Armenia     (Qui) STC
 78-18BD-449-220-449 2 NOEEPROM      ;SAI Playa Rica        Playa Rica  (Tol) STC    German Emilio Silva
 78-8101-450-220-450 2 NOEEPROM      ;Invertelco ltda       Bogota      (Cun) STC
 78-2412-451-220-451 2 NOEEPROM      ;TEL. Reserva          Medellin    (Ant)
 78-2413-452-220-452 2 NOEEPROM      ;TEL. Reserva          Medellin    (Ant)
 78-8102-453-220-453 2 NOEEPROM      ;FourTelco ltda        Bogota      (Cun) STC
 78-8103-454-220-454 2 NOEEPROM      ;Valvaintertelecomun   Bogota      (Cun) STC  Silvio Valenzuela
 78-18BE-455-220-455 2 NOEEPROM      ;Penitenciaria Picale  Ibague      (Tol) STC  Mauricio Ortiz
 78-18BF-456-220-456 2 NOEEPROM      ;SAI Televictoria      Pitalito    (Hui) STC   Roberto Valderrama Carvajal
 78-2640-457-220-457 2 NOEEPROM      ;Tel Montenegro        Montenegro  (Qui)
 78-2641-458-220-458 2 NOEEPROM      ;Tel Circacia          Circacia    (Qui)
 78-18C0-459-220-459 2 NOEEPROM      ;SAI Nazareth          Garzon      (Hui) STC  Angel Maria Vargas M.
 78-8104-460-220-460 2 NOEEPROM      ;CTO Suba              Suba        (Cun) STC  Jhon Efrain Gomez
 78-6207-461-220-461 2 NOEEPROM      ;Teletu Salónica       Salónica    (Val) STC
 78-2642-462-220-462 2 NOEEPROM      ;Tel Filandia          Filandia    (Qui) STC
 78-8201-463-220-463 2 NOEEPROM      ;CTO Terminal Transp.  Cali        (Cun) STC Luis Hernando Cabrera (INTELCO LTDA.)
 78-8202-464-220-464 2 NOEEPROM      ;CTO Coltabaco         Cali        (Cun) STC Luis Hernando Cabrera (INTELCO LTDA.)
 78-8203-465-220-465 2 NOEEPROM      ;CTO CENCAR            Cali        (Cun) STC Julio Cesar Tenorio   (DISCOM LTDA.)
 78-6208-466-218-466 2 NOEEPROM      ;Teletu Ceilan         CeilĀn      (Val) STC
 78-6209-467-218-467 2 NOEEPROM      ;Teletu Fenicia        Fenicia     (Val) STC
 78-6210-468-218-468 2 NOEEPROM      ;Teletu La Marina      La Marina   (Val) STC
 78-6211-469-220-469 2 NOEEPROM      ;Teletu La Uribe       Tulua       (Val) STC

;Serial             Tipo     Nombre                 Ciudad      Dto.

 78-18C1-470-220-470 2 NOEEPROM      ;SAI La Gaitana        Pitalito    (Hui) STC  Elcira Cruz de Cantillo
 78-2643-471-220-471 2 NOEEPROM      ;SAI Tel Norte         Armenia     (Qui) STC
 78-2644-472-220-472 2 NOEEPROM      ;SAI Tel Centro        Armenia     (Qui) STC
 78-2645-473-220-473 2 NOEEPROM      ;SAI Tel Sucre         Armenia     (Qui) STC
 78-1115-474-220-474 2 NOEEPROM      ;SAI Telecomuniquese   SantaFé BtĀ (Cun) STC  Leonel Diaz Hernandez
 78-18C2-475-220-475 2 NOEEPROM      ;SAI Hotel Zue         Paipa       (Boy) STC  Abraham Romero
 78-18C3-476-220-476 2 NOEEPROM      ;SAI Telecombeima      Ibague      (Tol) STC  Gilma Mendez
 78-18C4-477-220-477 2 NOEEPROM      ;SAI El Rosario        Garzón      (Hui) STC  JesŻs Maria Pérez Medina
 78-8204-478-220-478 2 NOEEPROM      ;CTO C.C. Chipichape   Cali        (Val) STC  DISCOM. Ing Francisco Hurtado
 78-18C5-479-220-479 2 NOEEPROM      ;SAI Com. Velasquez EU Solita      (Caq) STC  Pbro. Elio Fabio Velasquez.
 78-8105-480-220-480 2 NOEEPROM      ;CTO Terminal Transp.  Bogota      (Cun) STC  Juan Carlos Trujillo. (Valencia & Trujillo)
 78-8205-481-220-481 2 NOEEPROM      ;CTO Av. Guadalupe     Cali        (Val) STC  (DISCOM LTDA.)  1/31/2000
 78-8801-482-220-482 2 NOEEPROM      ;CTO Orb. Comunicatel  V/cencio    (Met) STC  Dora Garcia Garavito (Comunicatel Ltda.)
 78-2414-483-220-483 2 NOEEPROM      ;TEL. Principal        Monteria    (Cor) STC  ;Generado para demostracion en Monteria 2/23/2000
 78-18C6-484-220-484 2 NOEEPROM      ;SAI Sol del Llano     V/cencio    (Met) STC   Gildardo Agudelo Lopez. 2/28/2000
 78-18C7-485-220-485 2 NOEEPROM      ;SAI Surabastos        Neiva       (Hui) STC   Pedro Maria Camero Cantillo. 2/28/2000



;*************************************************************************
;                              Zona 1
;*************************************************************************
;
;                             S.A.I.
;
; 78-1101-050-220-050 2       ;SAI Fidugas           Sta. Fé BtĀ (Cun)
; 78-1102-053-216-053 2       ;SAI La Paz            La Paz      (Cun)       Jose Luis Vera
; 78-1103-069-220-069 2       ;SAI TeleExpres        Sta. Fé BtĀ (Cun)       Carlos Francisco Torres
; 78-1104-075-220-075 2       ;SAI Lucero Medio      Sta. Fé BtĀ (Cun) STC   Luis Orlando Roa
; 78-1106-093-220-093 2       ;SAI BogotĀ(Subacentro)Sta. Fé BtĀ (Cun)       Jose A. Quintero
; 78-1107-161-220-161 2       ;SAI San Andresito     SantaFé BtĀ (Cun)       Miriam Consuelo Lombana
; 78-1108-199-220-199 2       ;SAI La Victoria       SantaFé BtĀ (Cun)       Ana Robira Paez de Monsalve
; 78-1109-200-220-200 2       ;SAI Arbelaez          Arbelaez    (Cun)       Ernesto Guerrero
; 78-1110-201-217-201 2       ;SAI El Cortijo        Madrid      (Cun)       Carlos Enrique Roa
; 78-1111-236-217-236 2       ;SAI Avenida           Guaduas     (Cun)       Pascual Acero Mahecha
; 78-1112-238-220-238 2       ;SAI Ciudad Salitre    SantaFé BtĀ (Cun) STC   Antonio Castillo
; 78-1113-326-220-326 2       ;SAI Plaza Americas    StanaFé BtĀ (Cun)       Alvaro Sanchez
; 78-1114-342-220-342 2       ;SAI Hielorama         SantaFé BtĀ (Cun)       Diego Buitrago
; 78-1115-474-220-474 2       ;SAI Telecomuniquese (ETB) SantaFé BtĀ (Cun) STC   Leonel Diaz Hernandez
;
;                             TELECOM
;
; 78-2101-070-206-070 2       ;Tel Florentino Vesga  Sta. Fé BtĀ (Cun)       Lo desmonto WM
; 78-2102-169-216-169 2       ;Tel Bogota 2          Bogota      (Cun)
; 78-2103-190-219-190 2       ;SAI Santa Lucia       Bogota      (Cun)       Antes Fusagasuga
; 78-2104-191-216-191 2       ;Tel Villeta           Villeta     (Cun)
; 78-2105-192-217-192 2       ;Tel Guaduas           Guaduas     (Cun)
;
;                              ETB
;
; 78-7101-425-219-425 2       ;Telcom CAN Aservitel  Bogota      (Cun) STC   Alexandra Velasquez Paez (2216508)
; 78-7102-426-219-426 2       ;Tcom El Tunal Asrvtel Bogota      (Cun) STC   Jairo Torres Piżeros     (7609229)
; 78-7103-427-220-427 2       ;Tcom Fontibon Asrvtel Bogota      (Cun) STC   Jaime Baron Baron        (6852830)
; 78-7104-429-219-429 2       ;ETB Principal         BogotĀ      (Cun) STC
; 78-7105-445-219-445 2       ;SAI Telepunto UNISUR  BogotĀ      (Cun) STC
;
;                            ORBITEL
;
; 78-8101-450-220-450 2       ;Invertelco ltda       Bogota      (Cun) STC
; 78-8102-453-220-453 2       ;FourTelco ltda        Bogota      (Cun) STC
; 78-8103-454-220-454 2       ;Valvaintertelecomun   Bogota      (Cun) STC  Silvio Valenzuela
; 78-8104-460-220-460 2       ;CTO Suba              Bogota      (Cun) STC  Jhon Efrain Gomez  (Inversiones Artphone Ltda)
; 78-8105-480-220-480 2       ;CTO Terminal Transp.  Bogota      (Cun) STC  Juan Carlos Trujillo. (Valencia & Trujillo)

;
;*************************************************************************
;                              Zona 2
;*************************************************************************
;
;                             S.A.I.
;
; 78-1202-055-220-055 2       ;SAI Divino Nino       Buga        (Val) STC
; 78-1203-229-220-229 2       ;SAI Santa Ana         Cartago     (Val)       Carmen Rosa Rodriguez
; 78-1204-334-220-334 2       ;SAI La Cuarta         Cartago     (Val)       Angela Garcia
;
;
;                             TELECOM
;
; 78-2201-011-220-011 2       ;Tel Ginebra           Ginebra     (Val)
; 78-2202-012-220-012 2       ;Tel Silvia.           Silvia.     (Cau)
; 78-2203-013-220-013 2       ;Tel Timbio.           Timbio.     (Cau)
; 78-2204-014-220-014 2       ;Tel Bolivar           Bolivar     (Cau)
; 78-2205-015-202-015 2       ;Tel Balboa.           Balboa.     (Cau)
; 78-2206-016-220-016 2       ;Tel Sandona           Sandona     (Nar)
; 78-2207-017-220-017 2       ;Tel Samaniego         Samaniego   (Nar)
; 78-2208-018-220-018 2       ;Tel La Unión          La Unión    (Nar)
; 78-2209-207-220-207 4       ;Tel Buenaventura      B/ventura   (Val)
; 78-2603-208-220-208 4       ;Tel Cartago           Cargato     (Val)
;
;                             E.R.T
;
; 78-5201-410-219-410 2       ;ERT El Crucero        La Victoria (Val) STC
; 78-5202-411-219-411 2       ;ERT Quebrada-nueva    Sevilla     (Val) STC
; 78-5203-412-219-412 2       ;ERT Obando            Obando      (Val) STC
;
;                            Tele Tulua
;
;
; 78-6201-431-219-431 2 NOEEPROM      ;Teletu Andalucia      Andalucia   (Val) STC
; 78-6202-433-219-433 2 NOEEPROM      ;Teletu Sim. Bolivar   Tulua       (Val) STC
; 78-6203-434-219-434 2 NOEEPROM      ;Teletu Bugalagrande   Bugalagrande(Val) STC
; 78-6204-435-219-435 2 NOEEPROM      ;Teletu San Pedro      San Pedro   (Val) STC
; 78-6205-436-219-436 2 NOEEPROM      ;Teletu Trujillo       Trujillo    (Val) STC
; 78-6206-437-219-437 2 NOEEPROM      ;Teletu RioFrio        RioFrio     (Val) STC
; 78-6207-461-218-461 2 NOEEPROM      ;Teletu Salónica       Salónica    (Val) STC
; 78-6208-466-218-466 2 NOEEPROM      ;Teletu Ceilan         CeilĀn      (Val) STC  Modificado Disol
; 78-6209-467-218-467 2 NOEEPROM      ;Teletu Fenicia        Fenicia     (Val) STC  Modificado Disol. Hilo C
; 78-6210-468-218-468 2 NOEEPROM      ;Teletu La Marina      La Marina   (Val) STC  Modificado Disol. Hilo C
; 78-6211-469-220-469 2 NOEEPROM      ;Teletu La Uribe       Tulua       (Val) STC
;
;                            ORBITEL
;
; 78-8201-463-220-463 2 NOEEPROM      ;CTO Terminal Transp.  Cali        (Val) STC Luis Hernando Cabrera (INTELCO LTDA.)
; 78-8202-464-220-464 2 NOEEPROM      ;CTO Coltabaco         Cali        (Val) STC Luis Hernando Cabrera (INTELCO LTDA.)
; 78-8203-465-220-465 2 NOEEPROM      ;CTO CENCAR            Cali        (Val) STC Julio Cesar Tenorio   (DISCOM LTDA.)
; 78-8204-478-220-478 2 NOEEPROM      ;CTO Centro Com. Chipichape Cali   (Val) STC DISCOM. LTDA Ing. Francisco Hurtado

;
;*************************************************************************
;                              Zona 4
;*************************************************************************
;

;
;                             EDA
;
; 78-3401-045-218-045 2 EDA   ;EDA T. Transporte     MedellĪn    (Ant)
; 78-3402-046-216-046 2 EDA   ;EDA Alejandria        Alejandria  (Ant)
; 78-3403-047-216-047 2 EDA   ;EDA Caucasia          Caucasia    (Ant)
; 78-3404-048-216-048 2 EDA   ;EDA Caucasia          Caucasia    (Ant)
; 78-3405-049-216-049 2 EDA   ;EDA Pintada           Pintada     (Ant)
; 78-3406-051-216-051 2 EDA   ;EDA Angostura         Angostura   (Ant)
; 78-3407-052-216-052 2 EDA   ;EDA Armenia Manteq    Armenia Mant(Ant)
; 78-3408-128-216-128 2 EDA   ;EDA Fredonia          Fredonia    (Ant)
; 78-3409-129-216-129 2 EDA   ;EDA Amaga             Amaga       (Ant)
; 78-3410-130-216-130 2 EDA   ;EDA Andes             Andes       (Ant)
; 78-3411-131-216-131 2 EDA   ;EDA Jerico            Jerico      (Ant)
; 78-3412-132-216-132 2 EDA   ;EDA Betania           Betania     (Ant)
; 78-3413-166-216-166 2 EDA   ;EDA Bolivar           Bolivar     (Ant)
; 78-3414-170-216-170 2 EDA   ;EDA Vegachi           Vegachi     (Ant)
; 78-3415-171-216-171 2 EDA   ;EDA Salgar            Salgar      (Ant)
; 78-3416-172-218-172 2 EDA   ;EDA Cisneros          Cisneros    (Ant)
; 78-3417-173-216-173 2 EDA   ;EDA Pto. Berrio       Pto. Berrio (Ant)
; 78-3418-174-216-174 2 EDA   ;EDA Sta. Fe Antioquia Sta.Fe Antio(Ant)
; 78-3419-175-216-175 2 EDA   ;EDA Bolombolo         Bolombolo   (Ant)
; 78-3420-176-216-176 2 EDA   ;EDA Caracoli          Caracoli    (Ant)
; 78-3421-177-216-177 2 EDA   ;EDA Carolina          Carolina    (Ant)
; 78-3422-178-216-178 2 EDA   ;EDA Don Matias        Don Matias  (Ant)
; 78-3423-179-216-179 2 EDA   ;EDA Doradal           Doradal     (Ant)
; 78-3424-180-216-180 2 EDA   ;EDA El Peżol          El Peżol    (Ant)
; 78-3425-181-216-181 2 EDA   ;EDA Gomez Plata       Gomez Plata (Ant)
; 78-3426-182-216-182 2 EDA   ;EDA Guadalupe         Guadalupe   (Ant)
; 78-3427-218-216-218 2 EDA   ;EDA Cażas Gordas      Cażas Gordas(Ant)
; 78-3428-219-216-219 2 EDA   ;EDA Turbo             Turbo       (Ant)
; 78-3429-220-216-220 2 EDA   ;EDA San Geronimo      San Geronimo(Ant)
; 78-3430-221-216-221 2 EDA   ;EDA El Bagre          El Bagre    (Ant)
; 78-3431-222-216-222 2 EDA   ;EDA Frontino          Frontino    (Ant)
; 78-3432-223-216-223 2 EDA   ;EDA Guatape           Guatape     (Ant)
; 78-3433-224-216-224 2 EDA   ;EDA Chigorodo         Chigorodo   (Ant)
; 78-3434-225-216-225 2 EDA   ;EDA Hispania          Hispania    (Ant)
; 78-3435-226-216-226 2 EDA   ;EDA Apartado          Apartado    (Ant)
; 78-3436-227-216-227 2 EDA   ;EDA Apartado          Apartado    (Ant)
; 78-3437-243-216-243 2 EDA   ;EDA Jardin            Jardin      (Ant)
; 78-3438-244-216-244 2 EDA   ;EDA Arboletes         Arboletes   (Ant)
; 78-3439-245-216-245 2 EDA   ;EDA Carepa            Carepa      (Ant)
; 78-3440-246-216-246 2 EDA   ;EDA La Sierra         La Sierra   (Ant)
; 78-3441-247-216-247 2 EDA   ;EDA Dabeiba           Dabeiba     (Ant)
; 78-3442-248-216-248 2 EDA   ;EDA Maceo             Maceo       (Ant)
; 78-3443-249-216-249 2 EDA   ;EDA Necocli           Necocli     (Ant)
; 78-3444-250-217-250 2 EDA   ;EDA S.Pedro Milagr.   S.P. Milagr (Ant)
; 78-3445-251-216-251 2 EDA   ;EDA Pto Nare          Pto Nare    (Ant)
; 78-3446-252-216-252 2 EDA   ;EDA San Rafael        S. Rafael   (Ant)
; 78-3447-253-216-253 2 EDA   ;EDA San Vicente       S. Vicente  (Ant)
; 78-3448-254-216-254 2 EDA   ;EDA Santa Barbara     S. Barbara  (Ant)
; 78-3449-255-216-255 2 EDA   ;EDA Titiribi          Titiribi    (Ant)
; 78-3450-256-216-256 2 EDA   ;EDA Valparaiso        Valparaiso  (Ant)
; 78-3451-257-216-257 2 EDA   ;EDA Venecia           Venecia     (Ant)
; 78-3452-258-216-258 2 EDA   ;EDA Yolombo           Yolombo     (Ant)
; 78-3453-259-216-259 2 EDA   ;EDA Pto Perales       Pto Perales (Ant)
; 78-3454-260-216-260 2 EDA   ;EDA Abejorral         Abejorral   (Ant)
; 78-3455-261-216-261 2 EDA   ;EDA Cocorna           Cocorna     (Ant)
; 78-3456-262-218-262 2 EDA   ;EDA Granada           Granada     (Ant)
; 78-3457-263-216-263 2 EDA   ;EDA Remedios          Remedios    (Ant)
; 78-3458-264-216-264 2 EDA   ;EDA Concordia         Concordia   (Ant)
; 78-3459-265-216-265 2 EDA   ;EDA Pueblo Rico       Pueblo Rico (Ant)
; 78-3460-266-216-266 2 EDA   ;EDA Zaragoza          Zaragoza    (Ant)
; 78-3461-267-216-267 2 EDA   ;EDA Taraza            Taraza      (Ant)
; 78-3462-294-216-294 2 EDA   ;EDA Pto Triunfo       Pto Triunfo (Ant)
; 78-3463-295-216-295 2 EDA   ;EDA Segovia           Segovia     (Ant)
; 78-3464-296-216-296 2 EDA   ;EDA S.J. del Nus      S.J. del Nus(Ant)
; 78-3465-297-216-297 2 EDA   ;EDA San Luis          San Luis    (Ant)
; 78-3466-298-216-298 2 EDA   ;EDA San Roque         San Roque   (Ant)
; 78-3467-299-216-299 2 EDA   ;EDA Sonson            Sonson      (Ant)
; 78-3468-300-216-300 2 EDA   ;EDA Sopetran          Sopetran    (Ant)
; 78-3469-301-216-301 2 EDA   ;EDA Sta Rosa Osos     S. Rosa Osos(Ant)
; 78-3470-302-216-302 2 EDA   ;EDA Sto Domingo       Sto Domingo (Ant)
; 78-3471-303-218-303 2 EDA   ;EDA Terminal Sur      Medellin    (Ant)
; 78-3472-304-216-304 2 EDA   ;EDA Tamesis           Tamesis     (Ant)
; 78-3473-305-216-305 2 EDA   ;EDA Urrao             Urrao       (Ant)
; 78-3474-306-218-306 2 EDA   ;EDA                   EDA         (Ant)
; 78-3475-307-216-307 2 EDA   ;EDA                   EDA         (Ant)
; 78-3476-308-216-308 2 EDA   ;EDA                   EDA         (Ant)
; 78-3477-367-217-367 2 EDA   ;EDA Angelopolis       Angelopolis (Ant)

;                            TELECOM

; 78-2402-309-220-309 2       ;TEL. Principal        Medellin    (Ant)
; 78-2403-310-220-310 2       ;TEL. Pro Berrio       Pto Berrio  (Ant)
; 78-2404-311-220-311 2       ;TEL. Envigado         Envigado    (Ant)
; 78-2405-312-220-312 2       ;TEL. Yarumal          Yarumal     (Ant)
; 78-2406-313-220-313 2       ;TEL. Ppal Caucasia    Caucasia    (Ant)
; 78-2407-343-220-343 2       ;TEL. Ppal Marinilla   Marinilla   (Ant)
; 78-2408-344-220-344 2       ;TEL. ICETEX           Medellin    (Ant)
; 78-2409-366-220-366 2       ;SAI Tel Ppal          Condoto     (Cho) STC
; 78-2410-371-220-371 2       ;SAI Tel Ppal          Quibdo      (Cho) STC
; 78-2411-372-220-372 2       ;SAI Tel Ppal          Itsmina     (Cho) STC
; 78-2412-451-220-451 2       ;TEL. Reserva          Medellin    (Ant)
; 78-2413-452-220-452 2       ;TEL. Reserva          Medellin    (Ant)
; 78-2822-365-220-365 2       ;SAI Tel Ppal          Acandi      (Cho) STC
; 78-2823-375-220-375 2       ;SAI Tel Ppal          Bagadó      (Cho) STC
; 78-2824-376-220-376 2       ;SAI Tel Ppal          Ioró        (Cho) STC
; 78-2825-377-220-377 2       ;SAI Tel Ppal          Puerto Pizar(Cho) STC
; 78-2826-378-220-378 2       ;SAI Tel Ppal          Cmen Atrato (Cho) STC
; 78-2827-379-220-379 2       ;SAI Tel Ppal          Tado        (Cho) STC
; 78-2828-380-220-380 2       ;SAI Tel Ppal          Bahia Solano(Cho) STC
; 78-2857-232-220-232 2       ;TEL Nuqui             Nuqui       (Cho)
; 78-2829-447-220-447 2       ;Repuesto Tel Choco    Quibdo      (Cho) STC
; 78-2414-483-220-483 2       ;TEL. Principal        Monteria    (Cor) STC  ;Generado para demostracion en Monteria
;
;                              ORBITEL
;
; 78-8401-241-216-241 2       ;Orbitel Pala expos    MedellĪn    (Ant)
;
;*************************************************************************
;                              Zona 5
;*************************************************************************
;
;                             S.A.I.
;
; 78-1501-094-206-094 2       ;SAI Cas Principal     Bosconia    (Ces)       Manuel Salvador Barraza
; 78-1502-124-203-124 2       ;SAI Tel. Orozco Ltda  J. Ibirico  (Ces)       Gilberto Orozco
; 78-1503-125-220-125 2       ;SAI Jagua de Ibirico  J. Ibirico  (Ces)       Juan Vides Peralta
; 78-1504-165-220-165 2       ;SAI Pailitas          Pailitas    (Ces)       Maribel Vieco
; 78-1505-234-209-234 2       ;SAI Cointel           Bosconia    (Ces)       Manuel Salvador Barraza
; 78-1506-368-220-368 2 NOEEPROM PRO   ;SAI Yadecom Servicios Valledupar  (Ces) STC      Yara Perez de Ożate
; 78-1507-369-220-369 2       ;SAI Centro Ccial Laim Aguachica   (Ces) STC   Rafael Sanchez Luna
; 78-1508-370-220-370 2       ;SAI Ppal              San Alberto (Ces) STC   Jarol Cardenas C.
; 78-1509-373-220-373 2       ;SAI Util Coputel      Gamarra     (Ces) STC   Javier Alfonso Rodriguez
; 78-1510-422-220-422 2       ;SAI S.Alberto Centro  San Alberto (Ces) STC   Luz Mery Aguirre Zuluaga
; 78-1511-432-220-432 2       ;SAI Juncal            Aguachica   (Ces) STC   Diana Carolina Gonzalez Lagos
;
;                             TELECOM
;
; 78-2501-043-220-043 2       ;Tel Codazzi           Codazzi     (Ces) STC
; 78-2502-044-220-044 2       ;Tel Valledupar        Valledupar  (Ces) STC
; 78-2503-288-220-288 2       ;Tel Valledupar 2      Valledupar  (Ces) STC
; 78-2504-289-220-289 2       ;Tel Valledupar 3      Valledupar  (Ces) STC
; 78-2505-290-220-290 2       ;Tel Aguachica         Aguachica   (Ces) STC
; 78-2506-291-220-291 2       ;Tel Rio de Oro        Rio de Oro  (Ces) STC
; 78-2507-292-220-292 2       ;Tel Chimichagua       Chimichagua (Ces) STC
; 78-2508-293-220-293 2       ;Tel Chiriguana        Chiriguana  (Ces) STC
; 78-2509-413-220-413 2       ;Tel San Martin        San Martin  (Ces) STC
; 78-2510-414-220-414 2       ;Tel La Gloria         La Gloria   (Ces) STC
; 78-2511-415-220-415 2       ;Tel Tamalameque       Tamalameque (Ces) STC
;
;*************************************************************************
;                              Zona 6
;*************************************************************************
;
;                             S.A.I.
;
; 78-1601-184-217-184 2       ;SAI Base Aerea        Pto. Salgar (Cun)       Jose Luis Vera
; 78-1602-430-220-430 2       ;SAI Acc Social Ejerc  Armenia     (Qui) STC
;
;                             TELECOM
;
; 78-2601-042-220-042 4 NOEEPROM      ;Tel Pereira           Pereira     (Ris)
; 78-2602-183-220-183 4 PRO NOEEPROM  ;Tel Pereira 2         Pereira     (Ris)
; 78-2604-240-220-240 4 NOEEPROM      ;Tel Dos Quebradas     Dos Quebr.  (Ris)
; 78-2605-327-220-327 4 NOEEPROM      ;Tel Sta Rosa Cabal    Sta Rosa Cab(Ris)
; 78-2606-328-220-328 2 NOEEPROM      ;Tel La Virginia       La Virginia (Ris)
; 78-2607-329-220-329 2 NOEEPROM      ;Tel C.A.M             Dos Quebr.  (Ris)
; 78-2608-330-220-330 2 NOEEPROM      ;Tel Cuba              Pereira     (Ris)
; 78-2609-332-220-332 2 NOEEPROM      ;Tel Belen de Umbria   Belen Umbria(Ris)
; 78-2610-333-220-333 2 NOEEPROM      ;Tel Marsella          Marsella    (Ris)
; 78-2611-325-220-325 2 NOEEPROM      ;Tel Terminal Transp   Pereira     (Ris)
; 78-2612-348-220-348 2 NOEEPROM      ;SAI Tel Mistrato      Mistrato    (Ris)
; 78-2613-349-220-349 2 NOEEPROM      ;SAI Tel Quinchia      Quinchia    (Ris)
; 78-2614-350-220-350 2 NOEEPROM      ;SAI Tel El Lago       Pereira     (Ris)
; 78-2615-351-220-351 2 NOEEPROM      ;SAI Tel La Cuarta     Pereira     (Ris) STC
; 78-2616-352-220-352 2 NOEEPROM      ;SAI Tel La Libertad   Pereira     (Ris) STC
; 78-2617-353-220-353 2 NOEEPROM      ;SAI Tel El Crucero    Dos Quebrad (Ris) STC
; 78-2618-354-220-354 2 NOEEPROM      ;SAI Tel Guatica       Guatica     (Ris) STC
; 78-2619-355-220-355 2       ;SAI Tel Ppal          Barcelona   (Qui) STC
; 78-2620-356-220-356 2       ;SAI Tel Ppal          Buenavista  (Qui) STC
; 78-2621-357-220-357 2       ;SAI Tel Ppal          Cordoba     (Qui) STC
; 78-2622-358-220-358 2       ;SAI Tel Ppal          Genova      (Qui) STC
; 78-2623-359-220-359 2       ;SAI Tel Ppal          Pijao       (Qui) STC
; 78-2624-360-220-360 2       ;SAI Tel Ppal          Pueblotapao (Qui) STC
; 78-2625-361-220-361 2       ;SAI Tel Ppal          Salento     (Qui) STC
; 78-2626-362-220-362 2       ;SAI Tel Terminal T.   Armenia     (Qui) STC
; 78-2627-363-220-363 2       ;SAI Reserva           Armenia     (Qui) STC
; 78-2639-448-220-448 2               ;SAI Reserva           Armenia     (Qui) STC
; 78-2628-416-220-416 2 NOEEPROM      ;Tel Santuario         Santuario   (Ris) STC
; 78-2629-417-220-417 2 NOEEPROM      ;Tel Balboa            Balboa      (Ris) STC
; 78-2630-418-220-418 2 NOEEPROM      ;Tel Apia              Apia        (Ris) STC
; 78-2631-419-220-419 2 NOEEPROM      ;Tel Pueblo Rico       P. Rico     (Ris) STC
; 78-2632-438-220-438 2 NOEEPROM      ;Tel La Celia          La Celia    (Ris) STC
; 78-2633-439-220-439 2 NOEEPROM      ;Tel S.J. del Palmar   S.J.Palmar  (Ris)
; 78-2634-440-220-440 2 NOEEPROM      ;Tel Santa Cecilia     Sta Cecilia (Ris)
; 78-2635-441-220-441 2 NOEEPROM      ;Tel S.A. del Chami    S.A. Chami  (Ris)
; 78-2636-442-220-442 2 NOEEPROM      ;Tel Taparcal          Taparcal    (Ris)
; 78-2637-443-220-443 2 NOEEPROM      ;Tel Alto Cauca        Alto Cauca  (Ris)
; 78-2638-444-220-444 2 NOEEPROM      ;Tel Irra              Irra        (Ris)
; 78-2640-457-220-457 2 NOEEPROM      ;Tel Montenegro        Montenegro  (Qui)
; 78-2641-458-220-458 2 NOEEPROM      ;Tel Circacia          Circacia    (Qui)
; 78-2642-462-220-462 2 NOEEPROM      ;Tel Filandia          Filandia    (Qui)
; 78-2643-471-220-471 2 NOEEPROM      ;SAI Tel Norte         Armenia     (Qui)
; 78-2644-472-220-472 2 NOEEPROM      ;SAI Tel Centro        Armenia     (Qui)
; 78-2645-473-220-473 2 NOEEPROM      ;SAI Tel Sucre         Armenia     (Qui)
;
;
;*************************************************************************
;                              Zona 7
;*************************************************************************
;
;                             S.A.I.
;
; 78-1701-282-211-282 2       ;SAI MER               Barr/Bermaja(Sdr)       Manuel Hernandez
; 78-1702-324-220-324 2       ;SAI Cra 28            Barr/Bermeja(Sdr)       Pedro Ruiz Barbosa
; 78-1703-446-220-446 2       ;SAI SERITEL           Bucaramanga (Sdr) STC
;
;                             TELECOM
;
; 78-2701-019-220-019 4       ;Tel Bucaramanga       Bucaramang  (Sdr)
; 78-2702-020-220-020 4       ;Tel Barranca Bermeja  Barranca B. (Sdr)
; 78-2703-021-220-021 2       ;Tel Barbosa           Barbosa     (Sdr)
; 78-2704-022-220-022 2       ;Tel Malaga            Malaga      (Sdr)
; 78-2705-023-220-023 2       ;Tel Piedecuesta       Piedecuesta (Sdr)
; 78-2706-024-220-024 2       ;Tel San Gil           San Gil     (Sdr)
; 78-2707-025-220-025 2       ;Tel Socorro           Socorro     (Sdr)
; 78-2708-026-220-026 2       ;Tel Velez             Velez       (Sdr)
; 78-2709-027-220-027 2       ;Tel Aratoca           Aratoca     (Sdr)
; 78-2710-028-220-028 2       ;Tel Barichara         Barichara   (Sdr)
; 78-2711-029-220-029 2       ;Tel Capitanejo        Capitanejo  (Sdr)
; 78-2712-030-220-030 2       ;Tel Charala           Charala     (Sdr)
; 78-2713-031-220-031 2       ;Tel Cimitarra         Cimitarra   (Sdr)
; 78-2714-032-220-032 2       ;Tel Carmchucur        Carmchucur  (Sdr)
; 78-2715-033-220-033 2       ;Tel El Playon         El Playon   (Sdr)
; 78-2716-034-220-034 2       ;Tel Landazuri         Landazuri   (Sdr) STC
; 78-2717-035-220-035 2       ;Tel Mesa de los Stos  M. Santos   (Sdr)
; 78-2718-036-220-036 2       ;Tel Pte. Nacional     Pte. Nal.   (Sdr)
; 78-2719-037-220-037 2       ;Tel Pto. Parra        Pto. Parra  (Sdr)
; 78-2720-038-220-038 2       ;Tel Pto Wilches       Pto Wilches (Sdr)
; 78-2721-039-220-039 2       ;Tel Rionegro          Rionegro    (Sdr)
; 78-2722-133-220-133 2 NOEEPROM      ;Tel Cucuta            Cucuta      (N.S)
; 78-2723-134-220-134 2       ;Tel Villa Rosario     Villa Rosari(N.S)
; 78-2724-135-220-135 2       ;Tel Quinta Oriental   Cucuta      (N.S)
; 78-2725-136-220-136 2       ;Tel Chinacota         Chinacota   (N.S)
; 78-2726-137-220-137 2       ;Tel Pamplona          Pamplona    (N.S)
; 78-2727-138-220-138 2       ;Tel Pto Santander     Pto Sder    (N.S)
; 78-2728-139-220-139 2       ;Tel Convencion        Convencion  (N.S)
; 78-2729-364-220-364 2       ;Tel Abrego            Abrego      (N.S)
;*************************************************************************
;                              Zona 8
;*************************************************************************
;
;                             S.A.I.
;
; 78-1801-001-220-001 2       ;SAI De la Gobernación Ibagué      (Tol)       Amparo Castro
; 78-1802-054-209-054 2       ;SAI El Limonar        Ibagué      (Tol)       Beatriz Amortegui
; 78-1803-056-209-056 2       ;SAI La Gaviota        Ibagué      (Tol)       Fabio Rodriguez
; 78-1804-057-209-057 2       ;SAI La Castellana     Ibagué      (Tol)       Orlando Molina Vasquez
; 78-1805-058-220-058 2       ;SAI ISS (El limonar ) Ibagué      (Tol)       Beatriz Amortegui
; 78-1806-059-220-059 2       ;SAI Tolemaida 1       Melgar      (Tol) STC   Luis Eduardo Garzon
; 78-1807-062-209-062 2       ;SAI El Jordan         Ibagué      (Tol)       Alba Luz de Chavez
; 78-1808-063-220-063 2       ;SAI San Sebastian     Venadillo   (Tol)       Judith Salamanca
; 78-1809-064-220-064 2       ;SAI Ricaurte          Ibagué      (Tol)       Luz Estella Cruz
; 78-1810-065-220-065 2       ;SAI Topacio           Ibagué      (Tol)       Maria Neila Castro
; 78-1811-066-220-066 2       ;SAI La terminal       Purificación(Tol)       Valentin Sanchez
; 78-1812-067-218-067 2       ;SAI La Cuarta         Espinal     (Tol)       Hernan Zapata
; 78-1813-068-220-068 2       ;SAI Servicomunicacio. Espinal     (Tol)       Reynaldo Guzman
; 78-1814-071-220-071 2       ;SAI Belen             Ibagué      (Tol)       Diana Judidme Rodriguez
; 78-1815-072-220-072 2       ;SAI Xilitec           Ibagué      (Tol)       Aminta Guarin de Gomez
; 78-1816-073-220-073 2       ;SAI Coruniversitario  Ibague      (Tol)
; 78-1817-074-211-074 2       ;SAI Cażaveral         Ibagué      (Tol)       Maria de los Angeles Fajardo
; 78-1818-076-220-076 2       ;SAI Compijaos         Ibagué      (Tol)       Martha Garcia
; 78-1819-077-220-077 2       ;SAI El JardĪn         Ibagué      (Tol)       Martha Marinez Agudelo
; 78-1820-078-220-078 2       ;SAI Gaitan            Ibagué      (Tol)       Blanca Carvajal Patiżo
; 78-1821-079-220-079 2       ;SAI Panamericana      Saldaża     (Tol)       Mariela Sanchez M
; 78-1822-087-220-087 2       ;SAI Estacion Terpel   Ambalema    (Tol)       Orlando Callejas
; 78-1823-091-220-091 2       ;SAI Cecom Ltda        Chaparral   (Tol)       Dagoberto Campos ??
; 78-1824-095-220-095 2       ;SAI Marandua          V/cencio    (Met) STC   Gildardo Agudelo
; 78-1825-096-220-096 2       ;SAI Batallon Rooke    Ibagué      (Tol)       Accion Social
; 78-1826-097-220-097 2       ;SAI Sexta Brigada     Ibagué      (Tol)       Accion Social
; 78-1827-098-220-098 2       ;SAI S.Pedro de Alejan Ibagué      (Tol)       Elder P. Moreno
; 78-1829-100-220-100 2       ;SAI Calle Real        Chaparral   (Tol)       Fernando Caicedo
; 78-1830-345-216-345 2       ;SAI Cazadores         S.V. Caguan (Caq)       Maria Tulia Rojas Dussan
; 78-1831-347-220-347 2       ;SAI Centro            Lerida      (Tol)       Arturo Sanchez Castro
; 78-1832-374-220-374 2       ;SAI Comunicaciones    Curillo     (Caq) STC   Lila Castillo Tovar
; 78-1833-395-220-395 2       ;SAI Los Fundadores    Libano      (Tol) STC
; 78-1834-396-220-396 2       ;SAI Centro            Curillo     (Caq)
; 78-1835-106-220-106 2       ;SAI El Centro         Saldaża     (Tol)       Ana C. Ortiz
; 78-1836-397-217-397 2       ;SAI Romur Comunicac.  Ctgena Chair(Caq)       Flor Angela Vargas Esguerra
; 78-1837-398-220-398 2       ;SAI Murillo           Murillo     (Tol)       Olga Lucia Diagrama Pineda
; 78-1838-399-220-399 2       ;SAI Principal         Villanueva  (Cas)       Olga Sossa Fernandez
; 78-1839-423-220-423 2       ;SAI Popular           V/cencio    (Met)
; 78-1840-424-220-424 2       ;SAI Batallon Mgdlena  Pitalito    (Hui)
; 78-1841-428-220-428 2       ;SAI Tres Esquinas     Solano      (Caq) STC   Dura Milena Rossero
; 78-1850-121-220-121 2       ;SAI El Carmen         Honda       (Tol)       Carlos Giraldo
; 78-1851-122-220-122 2       ;SAI Batallon Patriota Honda       (Tol)       Accion Social
; 78-1852-123-220-123 2       ;SAI Herluz            Ibague      (Tol)       Luz Mary Ceballos
; 78-1853-126-209-126 2       ;SAI Chicoral          Chicoral    (Tol)
; 78-1854-127-220-127 2       ;SAI Satelite          El Doncello (Caq)       Leonel Basurto Vargas
; 78-1855-140-220-140 2       ;SAI Lider             V/cencio    (Met) STC   Luis Alonso Agudelo
; 78-1856-141-220-141 2       ;SAI Triunfo           V/cencio    (Met)       Julio Cesar Rivera
; 78-1857-142-220-142 2       ;SAI Savoy             V/cencio    (Met)       Alicia Camacho de Cavieles
; 78-1858-143-220-143 2       ;SAI Escuela Policia   V/cencio    (Met)       Gilberto Orozco
; 78-1859-144-220-144 2       ;SAI San Jorge         V/cencio    (Met)       Gabriel Angel Garay
; 78-1860-145-220-145 2       ;SAI San Andresito     V/cencio    (Met)       Emperatriz Cuellar
; 78-1861-146-220-146 2       ;SAI Villa Julia       V/cencio    (Met) STC   Antonio Castillo (Porfia)
; 78-1863-148-220-148 2       ;SAI La 22             V/cencio    (Met)       Remigio Baquero Vanegas
; 78-1864-149-220-149 2       ;SAI Batallón Caicedo  Chaparral   (Tol)
; 78-1865-150-220-150 2       ;SAI Natagaima         Natagaima   (Tol)       Martha Escandon
; 78-1866-151-220-151 2       ;SAI Intercom(Versal)  Melgar      (Tol)       Rodrigo Perdomo
; 78-1872-157-220-157 2       ;SAI Servitel          Cumaral     (Met)       Judith Ciro
; 78-1873-158-220-158 2       ;SAI Puerto Lopez      Pto. Lopez  (Met)
; 78-1875-162-220-162 2       ;SAI Diego de Ospina   Neiva       (Hui)       Mario Alonso Guerrero
; 78-1876-163-220-163 2       ;SAI Los Cedritos      Aguazul     (Cas)       Luis Ariel Sanchez
; 78-1877-164-220-164 2       ;SAI Dolores           Dolores     (Tol)       Bernardino Corso
; 78-1878-167-220-167 2       ;SAI Centro            Melgar*1    (Tol)       Adelmo Trujillo
; 78-1879-168-220-168 2       ;SAI Gualanday         Gualanday   (Tol) STC   Jhon Jairo Cespedes
; 78-1880-185-220-185 2       ;SAI Teledigital       Pitalito    (Hui)       Didimo Trilleras
; 78-1882-187-220-187 2       ;SAI Barrio Coperativo Acacias     (Met)       Ligia Doncello
; 78-1883-188-220-188 2       ;SAI La Esperanza      V/cencio    (Met)       Leoncio Agudelo Lopez
; 78-1884-193-220-193 2       ;SAI Villacentro       V/cencio    (Met)       Gilberto Gomez Reyes
; 78-1885-194-220-194 2       ;SAI Cafam             Melgar      (Tol)       Maribel Lombo Rubio
; 78-1886-195-220-195 2       ;SAI Base Aerea        Melgar      (Tol)       Martha de Plata
; 78-1887-197-220-197 2       ;SAI Base Aerea Apiay  V/cencio    (Met)       Accion Social
; 78-1888-198-220-198 2       ;SAI La Bomba          San Martin  (Met)       Maria Cecilia Martinez
; 78-1889-202-220-202 2       ;SAI El Carmen         Mariquita   (Tol)       Finlandia Vera
; 78-1890-203-220-203 2 PRO   ;SAI Pto. Bogota       Honda       (Tol)       Fabiola Garcia
; 78-1891-205-220-205 2       ;SAI Centro Libano     Libano      (Tol)       Jaime Ortegon
; 78-1892-206-220-206 2       ;SAI Hospital          Yopal       (Cas)       Guillermo Camacho Cavieles
; 78-1893-214-220-214 2       ;SAI Restrepo          Restrepo    (Met)       Miller Arnulfo Nieto
; 78-1894-215-220-215 2       ;SAI Gaitania          Gaitania    (Tol)       Martha Liliana Forero
; 78-1895-216-220-216 2       ;SAI Centro            Restrepo    (Met)       Jose Martinez Lopez
; 78-1896-217-220-217 2       ;SAI Centro            San Martin  (Met)       Harold Gantiba
; 78-1897-228-220-228 2       ;SAI Santiago Perez    Santiago per(Tol)       Elber Walteros
; 78-1898-230-220-230 2       ;SAI Terminal          V/cencio    (Met)       Farit Carranza Parrado
; 78-1899-231-220-231 2       ;SAI Rioblanco         Rioblanco   (Tol) STC   Jose Baudilio Arango
; 78-18A1-233-220-233 2       ;SAI Tolemaida2        Tolemaida   (Tol) STC   Luis Eduardo Garzon
; 78-18A2-235-220-235 2       ;SAI Villa Ortiz       V/cencio    (Met)       Arnulfo Mancera Rosso
; 78-18A3-237-220-237 2       ;SAI Centro            Granada     (Met) STC   Edison Reynosos Rodriguez
; 78-18A4-239-220-239 2       ;SAI Septima Brigada   V/cencio    (Met)       Alonso Agudelo Lopez ?
; 78-18A5-242-220-242 2       ;SAI La Frontera       Leticia     (Amz)       Joaquin Segura Rodriguez
; 78-18A6-268-220-268 2       ;SAI San Isidro        V/cencio    (Met)       Olga Mercedes Pabon
; 78-18A7-286-220-286 2       ;SAI Terminal Ltda.    Mariquita   (Tol)       Luz Dary Meza
; 78-18A8-287-220-287 2       ;SAI Aerpto Vanguardia Villa/cio   (Met) STC   Alvaro Reina Forero
; 78-18A9-314-220-314 2       ;Carlos Gomez          Villavicen  (Met)       Carlos Gomez
; 78-18AA-315-220-315 2       ;SAI El Porvenir       V/cencio    (Met)       Luis Eduardo Gomez
; 78-18AB-316-220-316 2       ;SAI Plaza Mercado     Medina      (Cun)       Aquileo Lopez
; 78-18AC-317-220-317 2       ;SAI Santa Lucia       Mariquita   (Tol)       Isaac Gonzalez
; 78-18AD-318-220-318 2       ;SAI Plaza Mercado     Mariquita   (Tol)       Judith Salamanca
; 78-18AE-319-220-319 2       ;SAI La Cuarta         Espinal     (Tol)       Hernan Zapata
; 78-18AF-320-220-320 2       ;SAI Rondon            Espinal     (Tol)       Leobigildo Suarez
; 78-18B0-321-220-321 2       ;SAI La Terminal       Purificación(Tol)       Valentin Sanchez
; 78-18B2-323-220-323 2 PRO   ;SAI Los Pinos         Venadillo   (Tol) STC   Vidal Marinez Perilla
; 78-18B3-331-220-331 2       ;SAI Marandua 2        V/cencio    (Met) STC   Gildardo Agudelo Lopez
; 78-18B4-335-220-335 2       ;SAI La Terminal       Ibague      (Tol)       Adriana Patricia Rodriguez
; 78-18B5-336-220-336 2       ;SAI El Libertador     Guamo       (Tol) STC   Luis Francisco Cuellar
; 78-18B6-337-220-337 2       ;SAI Padua             Padua       (Tol)       Martha Cecilia Cardenas ??
; 78-18B7-338-220-338 2       ;SAI El Comercio       Fresno      (Tol)       Henry Luengas
; 78-18B8-339-220-339 2       ;SAI La Variante       Fresno      (Tol)       Oscar Granados
; 78-18B9-340-220-340 2       ;SAI El Obrero         Honda       (Tol)       Claudia Liliana Aragon
; 78-18BA-346-220-346 2       ;SAI Marly             Chaparral   (Tol) STC   Luis Eduardo Garzon
; 78-18BB-421-220-421 2       ;SAI Minuto de Dios    Lerida      (Tol) STC
; 78-18BC-420-220-420 2       ;SAI Villahermosa      Villahermosa(Tol)
; 78-18BD-449-220-449 2       ;SAI Playa Rica        Playa Rica  (Tol) STC   German Emilio Silva
; 78-18BE-455-220-455 2       ;Penitenciaria Picale  Ibague      (Tol) STC   Mauricio Ortiz
; 78-18BF-456-220-456 2       ;SAI Televictoria      Pitalito    (Hui) STC   Roberto Valderrama Carvajal
; 78-18C0-459-220-459 2       ;SAI Nazareth          Garzon      (Hui) STC   Angel Maria Vargas M.
; 78-18C1-470-220-470 2       ;SAI La Gaitana        Pitalito    (Hui) STC   Elcira Cruz de Cantillo
; 78-18C2-475-220-475 2       ;SAI Hotel Zue         Paipa       (Boy) STC   Abraham Romero
; 78-18C3-476-220-476 2       ;SAI Telecombeima      Ibague      (Tol) STC   Gilma Mendez
; 78-18C4-477-220-477 2       ;SAI El Rosario        Garzón      (Hui) STC   JesŻs Maria Pérez Medina
; 78-18C5-479-220-479 2       ;SAI Com. Velasquez E.U Solita     (Caq) STC   Pbro. Elio Fabio Velasquez. (SAI Comunicaciones Velasquez E.U). 11 enero 2000
; 78-18C6-484-220-484 2       ;SAI Sol del Llano     V/cencio    (Met) STC   Gildardo Agudelo Lopez. Febrero 28, 2000
; 78-18C7-485-220-485 2       ;SAI Surabastos        Neiva       (Hui) STC   Pedro Maria Camero Cantillo. 2/28/2000

;
;                             TELECOM
;
; 78-2801-002-220-002 4       ;Tel Principal         Ibagué      (Tol)
; 78-2802-003-220-003 2       ;Tel Honda             Honda       (Tol)
; 78-2803-004-220-004 2       ;Tel Mariquita         Mariquita   (Tol)
; 78-2804-005-220-005 2       ;Tel Libano            Libano      (Tol)
; 78-2805-006-220-006 2       ;Tel Tolemaida         Melgar      (Tol) STC
; 78-2806-007-220-007 2       ;Tel Leticia           Leticia     (Amz)
; 78-2807-008-220-008 2       ;Tel Guamo             Guamo       (Tol)
; 78-2808-009-220-009 2       ;Tel Chaparral         Chaparral   (Tol)
; 78-2809-010-220-010 2       ;Tel Pijao             Ibagué      (Tol)
; 78-2810-041-220-041 2       ;Tel Pto. Asis         Pto. Asis   (Put)
; 78-2811-081-220-081 4 PRO   ;Tel Sta Rosa Viterb   Sta Rosa Vit(Boy)
; 78-2812-082-220-082 4 PRO   ;Tel Paz de Rio        Paz de Rio  (Boy)
; 78-2813-083-220-083 4 PRO   ;Tel Socha             Socha       (Boy)
; 78-2814-084-220-084 2 PRO   ;Tel Miraflores        Miraflores  (Boy)
; 78-2815-085-220-085 2 PRO   ;Tel Soata             Soata       (Boy)
; 78-2816-086-220-086 2 PRO   ;Tel Cocuy             Cocuy       (Boy)
; 78-2817-088-220-088 4 PRO   ;Tel Moniquira         Moniquira   (Boy)
; 78-2818-089-220-089 4 PRO   ;Tel Guateque          Guateque    (Boy)
; 78-2819-090-220-090 4 PRO   ;Tel Garagoa           Garagoa     (Boy)
; 78-2820-092-203-092 4 PRO   ;Tel Duitama           Duitama     (Boy)
; 78-2821-204-220-204 2       ;TEL Villavicencio     V/cencio    (Met)
; 78-2830-101-203-101 2       ;TEL Neiva             Neiva       (Hui)         No lo monto Telecom
; 78-2831-102-220-102 2       ;TEL San Agustin       San Agustin (Hui)
; 78-2832-103-220-103 2       ;TEL Pitalito          Pitalito    (Hui)
; 78-2833-104-220-104 2       ;TEL Palermo           Palermo     (Hui)
; 78-2834-105-216-105 2       ;TEL La Plata          La Plata    (Hui)
; 78-2836-107-220-107 2       ;TEL Rovira            Rovira      (Tol)
; 78-2837-108-220-108 2       ;TEL Cajamarca         Cajamarca   (Tol)
; 78-2838-109-220-109 2       ;TEL Saldaża           Saldaża     (Tol)
; 78-2839-110-220-110 2       ;TEL Fresno            Fresno      (Tol)
; 78-2840-111-220-111 2       ;TEL Guayabal          Guayabal    (Tol)
; 78-2841-112-220-112 2       ;TEL Ortega            Ortega      (Tol)
; 78-2842-113-220-113 2       ;TEL Natagaima         Natagaima   (Tol)
; 78-2843-114-220-114 2       ;TEL Melgar            Melgar      (Tol)
; 78-2844-115-220-115 2       ;TEL Chicoral          Chicoral    (Tol)
; 78-2845-116-220-116 2       ;TEL C. de Apicala     C. Apicala  (Tol)
; 78-2846-117-220-117 2       ;TEL Ambalema          Ambalema    (Tol)
; 78-2847-118-220-118 2       ;TEL Purificación      Purificación(Tol)
; 78-2848-119-220-119 2       ;TEL Venadillo         Venadillo   (Tol)
; 78-2849-120-220-120 2       ;TEL Planadas          Planadas    (Tol)
; 78-2850-189-220-189 2       ;TEL S.V. Caguan       S.V.Caguan  (Caq)
; 78-2851-196-220-196 2       ;TEL Principal         El Doncello (Caq)
; 78-2852-209-216-209 2       ;TEL Aquitania         Aquitania   (Boy)
; 78-2853-210-220-210 2       ;TEL Belen             Belen       (Boy)
; 78-2854-211-220-211 2       ;TEL Boavita           Boavita     (Boy)
; 78-2855-212-220-212 2       ;TEL La Uvita          La Uvita    (Boy)
; 78-2856-213-220-213 2       ;TEL Santa Maria       Santa Maria (Boy)
; 78-2859-283-220-283 2       ;TEL Florencia         Florencia   (Caq)
; 78-2861-285-220-285 2       ;TEL Pto. Rico         Pto. Rico   (Caq)
; 78-2862-341-220-341 2       ;TEL Toca              Toca        (Boy)
; 78-2863-381-220-381 2       ;TEL La Libertad       Chiquinquira(Boy)
; 78-2864-382-220-382 2       ;TEL Plaza Mcdo        Chiquinquira(Boy)
; 78-2865-383-220-383 2       ;TEL Tmnal Tportes     Chiquinquira(Boy)
; 78-2866-384-220-384 2       ;TEL El Centro         Muzo        (Boy)
; 78-2867-385-220-385 2       ;TEL Otanche II        Otanche     (Boy)
; 78-2868-386-220-386 2       ;TEL La Glorieta       Chiquinquira(Boy)
; 78-2869-387-220-387 2       ;TEL El Centro         SoatĀ       (Boy)
; 78-2870-388-220-388 2       ;TEL Pque J.J.Rendon   SoatĀ       (Boy)
; 78-2871-389-220-389 2       ;TEL Paez              Paez        (Boy)
; 78-2872-390-220-390 2       ;TEL Santana           Santana     (Boy)
; 78-2873-391-220-391 2       ;TEL La Capilla        La Capilla  (Boy)
; 78-2874-392-220-392 2       ;TEL Las Nieves        Tunja       (Boy)
; 78-2875-393-220-393 2       ;TEL Centro Admtvo     Sogamoso    (Boy)
; 78-2876-394-220-394 2       ;TEL Pque La Villa     Sogamoso    (Boy)
; 78-2877-400-220-400 2       ;CAP Principal         Saravena    (Arc)
; 78-2878-401-220-401 2       ;Tel El Centro         V. de Leyva (Boy)
; 78-2879-402-220-402 2       ;Tel La Roca           V. de Leyva (Boy)
; 78-2880-403-220-403 2       ;Tel El Centro         Moniquira   (Boy)
; 78-2881-404-220-404 2       ;Tel El Centro         Chita       (Boy)
; 78-2882-405-220-405 2       ;Tel Zetaquira         Zetaquira   (Boy)
; 78-2883-406-220-406 2       ;Tel Tuta              Tuta        (Boy)
; 78-2884-407-220-407 2       ;Tel El Centro         Paz de Rio  (Boy)
; 78-2885-408-220-408 2       ;Tel Macanal           Macanal     (Boy)
;
;
;                               ORBITEL
;
; 78-8801-482-220-482 2       ;CTO Orb. Comunicatel  V/cencio     (Met)   STC  Dora Garcia (Comunicatel Ltda.) 02/02/2000

;*************************************************************************
;                              Zona Internacional
;*************************************************************************
;
;                             EMETEL
;
; 71-0000-060-208-060 2       ;EME Quito             Quito       (EDR)
; 71-1820-061-208-061 2       ;EME Porto Viejo       Quito       (EDR)
; 71-4103-269-212-269 2       ;PACIFITEL Centro      Guayaquil   (EDR)
; 71-4104-270-212-270 2       ;PACIFITEL Alborada    Guayaquil   (EDR)
; 71-4105-271-220-271 2       ;PACAIFITEL A. Sim Bol Guayaquil   (EDR)
; 71-4106-272-212-272 2       ;PACIFITEL Duran       Guayaquil   (EDR)
; 71-4107-273-212-273 2       ;PACIFITEL Milagro     Guayaquil   (EDR)
; 71-4108-274-212-274 2       ;PACIFITEL Playas      Guayaquil   (EDR)
; 71-4109-275-212-275 2       ;PACIFITEL Santa Elena Guayaquil   (EDR)
; 71-4110-276-212-276 2       ;PACIFITEL La Libertad Guayaquil   (EDR)
; 71-4111-277-212-277 2       ;PACIFITEL Babahoyo    Los Rios    (EDR)
; 71-4112-278-212-278 2       ;PACIFITEL Is San Cris Galapagos   (EDR)
; 71-4113-279-212-279 2       ;PACIFITEL Is Sta Cruz Galapagos   (EDR)
; 71-4114-280-212-280 2       ;PACIFITEL Aer. Baltra Galapagos   (EDR)
; 71-4115-281-212-281 2       ;PACIFITEL Is. Isabela Galapagos   (EDR)
; 71-4116-409-217-409 2       ;PACIFITEL             Guayaquil   (EDR)


;Notas:
;*1 el SAI Lerida cambia por SAI Centro Melgar (1878-167)
;Los SAIs 317-321 Estan en Investigación, porque no aparecen en ningun
;listado anterior, se ponen en el listado despues de un informe de
;Jose Luis Vera el dia 2 de Febrero de 1998.
;Los discos con serial 1000, seran enviados a Jose Luis Vera para 
;su utilizacion, e identificacion posterior de equipos con problemas
;Los discos con serial 1001, seran enviados al meta, donde los otros
;tecnicos, estas versiones se generan para evitar confusiones y numeros
;seriales iguales en varios equipos.

; Para la generacion se cambia simplemente el serial en el primer
; serial que contiene este equipo el 78-1000-000-212-000
; Telecom cuba en pereira no existe
; Telecom, cap C.A.M en dosquebradas no esta en el listado
; Telecom, Cap principal santa rosa no esta en listado
; Telecom, Cap principal la virginia no esta en listado
; Telecom, Cap principal Belen de Umbria no esta en listado
; SAI Compijaos, antes era SAI Metaima en Ibague
; SAI San Benito en V/cencio es ahora SAI La 22, cambia en jun 30/98
; Telecom, Toca no aparecia en listado, sinembargo desde tunja mandaron
; orden de compra para el software, entonces se decidio adicionarlo al listado.
; El Sai hielorama es adicionado por don carlos a la lista el 3 de junio
; no figura en los listados y tampoco se ha enviado software, se pone de todas
; maneras con 216 todo esta por esclarecer.
; El sai carvajal y cia, cambia por sai gaitan en ibague
; El sai san benito cambia por sai la 22 en v/cencio meta.
; El sai villacafe de Bertha Marina Herandez, cambia por iss(el limonar)
; de Beatriz Amortegui.
; Los que tienen $, significa que se les envio la version 217, que saca un letrero
; rojo cuando se pasa el prepago.
; El SAI Cazadores de S.V. del Caguan, era el SAI de Union Peneya.
; De esta serie van 39 discos  71-4116-409-217-409 2  PACIFITEL
; Guayaquil   (EDR). para ECUADOR
; PTE sai limonar se le actualizo a 219c
; Telecom CAP Fusagasuga, pasa a ser SAI Santa Lucia propiedad de
; Manuel Nieto Lucena

